2023-08-24T09:38:25.976+05:00  INFO DESKTOP-P4QH9DC 12916 --- [main] com.redmath.news.Application             : Starting Application using Java 20.0.2 with PID 12916 (D:\New folder\lecture_3\target\classes started by laiba.ahmad in D:\New folder\lecture_3)
2023-08-24T09:38:25.977+05:00 DEBUG DESKTOP-P4QH9DC 12916 --- [main] com.redmath.news.Application             : Running with Spring Boot v3.1.2, Spring v6.0.11
2023-08-24T09:38:25.978+05:00  INFO DESKTOP-P4QH9DC 12916 --- [main] com.redmath.news.Application             : The following 1 profile is active: "dev"
2023-08-24T09:38:26.718+05:00  INFO DESKTOP-P4QH9DC 12916 --- [main] .s.d.r.c.RepositoryConfigurationDelegate : Bootstrapping Spring Data JPA repositories in DEFAULT mode.
2023-08-24T09:38:26.778+05:00  INFO DESKTOP-P4QH9DC 12916 --- [main] .s.d.r.c.RepositoryConfigurationDelegate : Finished Spring Data repository scanning in 50 ms. Found 1 JPA repository interfaces.
2023-08-24T09:38:27.636+05:00  INFO DESKTOP-P4QH9DC 12916 --- [main] o.s.b.w.embedded.tomcat.TomcatWebServer  : Tomcat initialized with port(s): 9080 (http)
2023-08-24T09:38:27.648+05:00  INFO DESKTOP-P4QH9DC 12916 --- [main] o.apache.catalina.core.StandardService   : Starting service [Tomcat]
2023-08-24T09:38:27.649+05:00  INFO DESKTOP-P4QH9DC 12916 --- [main] o.apache.catalina.core.StandardEngine    : Starting Servlet engine: [Apache Tomcat/10.1.11]
2023-08-24T09:38:27.758+05:00  INFO DESKTOP-P4QH9DC 12916 --- [main] o.a.c.c.C.[Tomcat].[localhost].[/]       : Initializing Spring embedded WebApplicationContext
2023-08-24T09:38:27.759+05:00  INFO DESKTOP-P4QH9DC 12916 --- [main] w.s.c.ServletWebServerApplicationContext : Root WebApplicationContext: initialization completed in 1721 ms
2023-08-24T09:38:27.779+05:00 ERROR DESKTOP-P4QH9DC 12916 --- [main] o.s.b.web.embedded.tomcat.TomcatStarter  : Error starting Tomcat context. Exception: org.springframework.beans.factory.BeanCreationException. Message: Error creating bean with name 'h2Console' defined in class path resource [org/springframework/boot/autoconfigure/h2/H2ConsoleAutoConfiguration.class]: Failed to instantiate [org.springframework.boot.web.servlet.ServletRegistrationBean]: Factory method 'h2Console' threw exception with message: Error creating bean with name 'dataSource' defined in class path resource [org/springframework/boot/autoconfigure/jdbc/DataSourceConfiguration$Hikari.class]: Failed to instantiate [com.zaxxer.hikari.HikariDataSource]: Factory method 'dataSource' threw exception with message: URL must start with 'jdbc'
2023-08-24T09:38:27.808+05:00  INFO DESKTOP-P4QH9DC 12916 --- [main] o.apache.catalina.core.StandardService   : Stopping service [Tomcat]
2023-08-24T09:38:27.817+05:00  WARN DESKTOP-P4QH9DC 12916 --- [main] ConfigServletWebServerApplicationContext : Exception encountered during context initialization - cancelling refresh attempt: org.springframework.context.ApplicationContextException: Unable to start web server
2023-08-24T09:38:27.826+05:00  INFO DESKTOP-P4QH9DC 12916 --- [main] .s.b.a.l.ConditionEvaluationReportLogger : 

Error starting ApplicationContext. To display the condition evaluation report re-run your application with 'debug' enabled.
2023-08-24T09:38:27.850+05:00 ERROR DESKTOP-P4QH9DC 12916 --- [main] o.s.boot.SpringApplication               : Application run failed

org.springframework.context.ApplicationContextException: Unable to start web server
	at org.springframework.boot.web.servlet.context.ServletWebServerApplicationContext.onRefresh(ServletWebServerApplicationContext.java:164) ~[spring-boot-3.1.2.jar:3.1.2]
	at org.springframework.context.support.AbstractApplicationContext.refresh(AbstractApplicationContext.java:602) ~[spring-context-6.0.11.jar:6.0.11]
	at org.springframework.boot.web.servlet.context.ServletWebServerApplicationContext.refresh(ServletWebServerApplicationContext.java:146) ~[spring-boot-3.1.2.jar:3.1.2]
	at org.springframework.boot.SpringApplication.refresh(SpringApplication.java:734) ~[spring-boot-3.1.2.jar:3.1.2]
	at org.springframework.boot.SpringApplication.refreshContext(SpringApplication.java:436) ~[spring-boot-3.1.2.jar:3.1.2]
	at org.springframework.boot.SpringApplication.run(SpringApplication.java:312) ~[spring-boot-3.1.2.jar:3.1.2]
	at org.springframework.boot.SpringApplication.run(SpringApplication.java:1306) ~[spring-boot-3.1.2.jar:3.1.2]
	at org.springframework.boot.SpringApplication.run(SpringApplication.java:1295) ~[spring-boot-3.1.2.jar:3.1.2]
	at com.redmath.news.Application.main(Application.java:13) ~[classes/:na]
Caused by: org.springframework.boot.web.server.WebServerException: Unable to start embedded Tomcat
	at org.springframework.boot.web.embedded.tomcat.TomcatWebServer.initialize(TomcatWebServer.java:142) ~[spring-boot-3.1.2.jar:3.1.2]
	at org.springframework.boot.web.embedded.tomcat.TomcatWebServer.<init>(TomcatWebServer.java:104) ~[spring-boot-3.1.2.jar:3.1.2]
	at org.springframework.boot.web.embedded.tomcat.TomcatServletWebServerFactory.getTomcatWebServer(TomcatServletWebServerFactory.java:489) ~[spring-boot-3.1.2.jar:3.1.2]
	at org.springframework.boot.web.embedded.tomcat.TomcatServletWebServerFactory.getWebServer(TomcatServletWebServerFactory.java:211) ~[spring-boot-3.1.2.jar:3.1.2]
	at org.springframework.boot.web.servlet.context.ServletWebServerApplicationContext.createWebServer(ServletWebServerApplicationContext.java:183) ~[spring-boot-3.1.2.jar:3.1.2]
	at org.springframework.boot.web.servlet.context.ServletWebServerApplicationContext.onRefresh(ServletWebServerApplicationContext.java:161) ~[spring-boot-3.1.2.jar:3.1.2]
	... 8 common frames omitted
Caused by: org.springframework.beans.factory.BeanCreationException: Error creating bean with name 'h2Console' defined in class path resource [org/springframework/boot/autoconfigure/h2/H2ConsoleAutoConfiguration.class]: Failed to instantiate [org.springframework.boot.web.servlet.ServletRegistrationBean]: Factory method 'h2Console' threw exception with message: Error creating bean with name 'dataSource' defined in class path resource [org/springframework/boot/autoconfigure/jdbc/DataSourceConfiguration$Hikari.class]: Failed to instantiate [com.zaxxer.hikari.HikariDataSource]: Factory method 'dataSource' threw exception with message: URL must start with 'jdbc'
	at org.springframework.beans.factory.support.ConstructorResolver.instantiate(ConstructorResolver.java:659) ~[spring-beans-6.0.11.jar:6.0.11]
	at org.springframework.beans.factory.support.ConstructorResolver.instantiateUsingFactoryMethod(ConstructorResolver.java:647) ~[spring-beans-6.0.11.jar:6.0.11]
	at org.springframework.beans.factory.support.AbstractAutowireCapableBeanFactory.instantiateUsingFactoryMethod(AbstractAutowireCapableBeanFactory.java:1332) ~[spring-beans-6.0.11.jar:6.0.11]
	at org.springframework.beans.factory.support.AbstractAutowireCapableBeanFactory.createBeanInstance(AbstractAutowireCapableBeanFactory.java:1162) ~[spring-beans-6.0.11.jar:6.0.11]
	at org.springframework.beans.factory.support.AbstractAutowireCapableBeanFactory.doCreateBean(AbstractAutowireCapableBeanFactory.java:560) ~[spring-beans-6.0.11.jar:6.0.11]
	at org.springframework.beans.factory.support.AbstractAutowireCapableBeanFactory.createBean(AbstractAutowireCapableBeanFactory.java:520) ~[spring-beans-6.0.11.jar:6.0.11]
	at org.springframework.beans.factory.support.AbstractBeanFactory.lambda$doGetBean$0(AbstractBeanFactory.java:326) ~[spring-beans-6.0.11.jar:6.0.11]
	at org.springframework.beans.factory.support.DefaultSingletonBeanRegistry.getSingleton(DefaultSingletonBeanRegistry.java:234) ~[spring-beans-6.0.11.jar:6.0.11]
	at org.springframework.beans.factory.support.AbstractBeanFactory.doGetBean(AbstractBeanFactory.java:324) ~[spring-beans-6.0.11.jar:6.0.11]
	at org.springframework.beans.factory.support.AbstractBeanFactory.getBean(AbstractBeanFactory.java:205) ~[spring-beans-6.0.11.jar:6.0.11]
	at org.springframework.boot.web.servlet.ServletContextInitializerBeans.getOrderedBeansOfType(ServletContextInitializerBeans.java:210) ~[spring-boot-3.1.2.jar:3.1.2]
	at org.springframework.boot.web.servlet.ServletContextInitializerBeans.getOrderedBeansOfType(ServletContextInitializerBeans.java:201) ~[spring-boot-3.1.2.jar:3.1.2]
	at org.springframework.boot.web.servlet.ServletContextInitializerBeans.addServletContextInitializerBeans(ServletContextInitializerBeans.java:96) ~[spring-boot-3.1.2.jar:3.1.2]
	at org.springframework.boot.web.servlet.ServletContextInitializerBeans.<init>(ServletContextInitializerBeans.java:85) ~[spring-boot-3.1.2.jar:3.1.2]
	at org.springframework.boot.web.servlet.context.ServletWebServerApplicationContext.getServletContextInitializerBeans(ServletWebServerApplicationContext.java:261) ~[spring-boot-3.1.2.jar:3.1.2]
	at org.springframework.boot.web.servlet.context.ServletWebServerApplicationContext.selfInitialize(ServletWebServerApplicationContext.java:235) ~[spring-boot-3.1.2.jar:3.1.2]
	at org.springframework.boot.web.embedded.tomcat.TomcatStarter.onStartup(TomcatStarter.java:52) ~[spring-boot-3.1.2.jar:3.1.2]
	at org.apache.catalina.core.StandardContext.startInternal(StandardContext.java:4886) ~[tomcat-embed-core-10.1.11.jar:10.1.11]
	at org.apache.catalina.util.LifecycleBase.start(LifecycleBase.java:183) ~[tomcat-embed-core-10.1.11.jar:10.1.11]
	at org.apache.catalina.core.ContainerBase$StartChild.call(ContainerBase.java:1328) ~[tomcat-embed-core-10.1.11.jar:10.1.11]
	at org.apache.catalina.core.ContainerBase$StartChild.call(ContainerBase.java:1318) ~[tomcat-embed-core-10.1.11.jar:10.1.11]
	at java.base/java.util.concurrent.FutureTask.run(FutureTask.java:317) ~[na:na]
	at org.apache.tomcat.util.threads.InlineExecutorService.execute(InlineExecutorService.java:75) ~[tomcat-embed-core-10.1.11.jar:10.1.11]
	at java.base/java.util.concurrent.AbstractExecutorService.submit(AbstractExecutorService.java:145) ~[na:na]
	at org.apache.catalina.core.ContainerBase.startInternal(ContainerBase.java:866) ~[tomcat-embed-core-10.1.11.jar:10.1.11]
	at org.apache.catalina.core.StandardHost.startInternal(StandardHost.java:846) ~[tomcat-embed-core-10.1.11.jar:10.1.11]
	at org.apache.catalina.util.LifecycleBase.start(LifecycleBase.java:183) ~[tomcat-embed-core-10.1.11.jar:10.1.11]
	at org.apache.catalina.core.ContainerBase$StartChild.call(ContainerBase.java:1328) ~[tomcat-embed-core-10.1.11.jar:10.1.11]
	at org.apache.catalina.core.ContainerBase$StartChild.call(ContainerBase.java:1318) ~[tomcat-embed-core-10.1.11.jar:10.1.11]
	at java.base/java.util.concurrent.FutureTask.run(FutureTask.java:317) ~[na:na]
	at org.apache.tomcat.util.threads.InlineExecutorService.execute(InlineExecutorService.java:75) ~[tomcat-embed-core-10.1.11.jar:10.1.11]
	at java.base/java.util.concurrent.AbstractExecutorService.submit(AbstractExecutorService.java:145) ~[na:na]
	at org.apache.catalina.core.ContainerBase.startInternal(ContainerBase.java:866) ~[tomcat-embed-core-10.1.11.jar:10.1.11]
	at org.apache.catalina.core.StandardEngine.startInternal(StandardEngine.java:241) ~[tomcat-embed-core-10.1.11.jar:10.1.11]
	at org.apache.catalina.util.LifecycleBase.start(LifecycleBase.java:183) ~[tomcat-embed-core-10.1.11.jar:10.1.11]
	at org.apache.catalina.core.StandardService.startInternal(StandardService.java:428) ~[tomcat-embed-core-10.1.11.jar:10.1.11]
	at org.apache.catalina.util.LifecycleBase.start(LifecycleBase.java:183) ~[tomcat-embed-core-10.1.11.jar:10.1.11]
	at org.apache.catalina.core.StandardServer.startInternal(StandardServer.java:918) ~[tomcat-embed-core-10.1.11.jar:10.1.11]
	at org.apache.catalina.util.LifecycleBase.start(LifecycleBase.java:183) ~[tomcat-embed-core-10.1.11.jar:10.1.11]
	at org.apache.catalina.startup.Tomcat.start(Tomcat.java:485) ~[tomcat-embed-core-10.1.11.jar:10.1.11]
	at org.springframework.boot.web.embedded.tomcat.TomcatWebServer.initialize(TomcatWebServer.java:123) ~[spring-boot-3.1.2.jar:3.1.2]
	... 13 common frames omitted
Caused by: org.springframework.beans.BeanInstantiationException: Failed to instantiate [org.springframework.boot.web.servlet.ServletRegistrationBean]: Factory method 'h2Console' threw exception with message: Error creating bean with name 'dataSource' defined in class path resource [org/springframework/boot/autoconfigure/jdbc/DataSourceConfiguration$Hikari.class]: Failed to instantiate [com.zaxxer.hikari.HikariDataSource]: Factory method 'dataSource' threw exception with message: URL must start with 'jdbc'
	at org.springframework.beans.factory.support.SimpleInstantiationStrategy.instantiate(SimpleInstantiationStrategy.java:171) ~[spring-beans-6.0.11.jar:6.0.11]
	at org.springframework.beans.factory.support.ConstructorResolver.instantiate(ConstructorResolver.java:655) ~[spring-beans-6.0.11.jar:6.0.11]
	... 53 common frames omitted
Caused by: org.springframework.beans.factory.BeanCreationException: Error creating bean with name 'dataSource' defined in class path resource [org/springframework/boot/autoconfigure/jdbc/DataSourceConfiguration$Hikari.class]: Failed to instantiate [com.zaxxer.hikari.HikariDataSource]: Factory method 'dataSource' threw exception with message: URL must start with 'jdbc'
	at org.springframework.beans.factory.support.ConstructorResolver.instantiate(ConstructorResolver.java:659) ~[spring-beans-6.0.11.jar:6.0.11]
	at org.springframework.beans.factory.support.ConstructorResolver.instantiateUsingFactoryMethod(ConstructorResolver.java:647) ~[spring-beans-6.0.11.jar:6.0.11]
	at org.springframework.beans.factory.support.AbstractAutowireCapableBeanFactory.instantiateUsingFactoryMethod(AbstractAutowireCapableBeanFactory.java:1332) ~[spring-beans-6.0.11.jar:6.0.11]
	at org.springframework.beans.factory.support.AbstractAutowireCapableBeanFactory.createBeanInstance(AbstractAutowireCapableBeanFactory.java:1162) ~[spring-beans-6.0.11.jar:6.0.11]
	at org.springframework.beans.factory.support.AbstractAutowireCapableBeanFactory.doCreateBean(AbstractAutowireCapableBeanFactory.java:560) ~[spring-beans-6.0.11.jar:6.0.11]
	at org.springframework.beans.factory.support.AbstractAutowireCapableBeanFactory.createBean(AbstractAutowireCapableBeanFactory.java:520) ~[spring-beans-6.0.11.jar:6.0.11]
	at org.springframework.beans.factory.support.AbstractBeanFactory.lambda$doGetBean$0(AbstractBeanFactory.java:326) ~[spring-beans-6.0.11.jar:6.0.11]
	at org.springframework.beans.factory.support.DefaultSingletonBeanRegistry.getSingleton(DefaultSingletonBeanRegistry.java:234) ~[spring-beans-6.0.11.jar:6.0.11]
	at org.springframework.beans.factory.support.AbstractBeanFactory.doGetBean(AbstractBeanFactory.java:324) ~[spring-beans-6.0.11.jar:6.0.11]
	at org.springframework.beans.factory.support.AbstractBeanFactory.getBean(AbstractBeanFactory.java:200) ~[spring-beans-6.0.11.jar:6.0.11]
	at org.springframework.beans.factory.config.DependencyDescriptor.resolveCandidate(DependencyDescriptor.java:254) ~[spring-beans-6.0.11.jar:6.0.11]
	at org.springframework.beans.factory.support.DefaultListableBeanFactory.addCandidateEntry(DefaultListableBeanFactory.java:1640) ~[spring-beans-6.0.11.jar:6.0.11]
	at org.springframework.beans.factory.support.DefaultListableBeanFactory.findAutowireCandidates(DefaultListableBeanFactory.java:1597) ~[spring-beans-6.0.11.jar:6.0.11]
	at org.springframework.beans.factory.support.DefaultListableBeanFactory.resolveMultipleBeans(DefaultListableBeanFactory.java:1443) ~[spring-beans-6.0.11.jar:6.0.11]
	at org.springframework.beans.factory.support.DefaultListableBeanFactory.doResolveDependency(DefaultListableBeanFactory.java:1375) ~[spring-beans-6.0.11.jar:6.0.11]
	at org.springframework.beans.factory.support.DefaultListableBeanFactory$DependencyObjectProvider.resolveStream(DefaultListableBeanFactory.java:2143) ~[spring-beans-6.0.11.jar:6.0.11]
	at org.springframework.beans.factory.support.DefaultListableBeanFactory$DependencyObjectProvider.orderedStream(DefaultListableBeanFactory.java:2137) ~[spring-beans-6.0.11.jar:6.0.11]
	at org.springframework.boot.autoconfigure.h2.H2ConsoleAutoConfiguration.logDataSources(H2ConsoleAutoConfiguration.java:86) ~[spring-boot-autoconfigure-3.1.2.jar:3.1.2]
	at org.springframework.boot.autoconfigure.h2.H2ConsoleAutoConfiguration.lambda$h2Console$0(H2ConsoleAutoConfiguration.java:69) ~[spring-boot-autoconfigure-3.1.2.jar:3.1.2]
	at org.springframework.boot.autoconfigure.h2.H2ConsoleAutoConfiguration.withThreadContextClassLoader(H2ConsoleAutoConfiguration.java:78) ~[spring-boot-autoconfigure-3.1.2.jar:3.1.2]
	at org.springframework.boot.autoconfigure.h2.H2ConsoleAutoConfiguration.h2Console(H2ConsoleAutoConfiguration.java:69) ~[spring-boot-autoconfigure-3.1.2.jar:3.1.2]
	at java.base/jdk.internal.reflect.DirectMethodHandleAccessor.invoke(DirectMethodHandleAccessor.java:104) ~[na:na]
	at java.base/java.lang.reflect.Method.invoke(Method.java:578) ~[na:na]
	at org.springframework.beans.factory.support.SimpleInstantiationStrategy.instantiate(SimpleInstantiationStrategy.java:139) ~[spring-beans-6.0.11.jar:6.0.11]
	... 54 common frames omitted
Caused by: org.springframework.beans.BeanInstantiationException: Failed to instantiate [com.zaxxer.hikari.HikariDataSource]: Factory method 'dataSource' threw exception with message: URL must start with 'jdbc'
	at org.springframework.beans.factory.support.SimpleInstantiationStrategy.instantiate(SimpleInstantiationStrategy.java:171) ~[spring-beans-6.0.11.jar:6.0.11]
	at org.springframework.beans.factory.support.ConstructorResolver.instantiate(ConstructorResolver.java:655) ~[spring-beans-6.0.11.jar:6.0.11]
	... 77 common frames omitted
Caused by: java.lang.IllegalArgumentException: URL must start with 'jdbc'
	at org.springframework.util.Assert.isTrue(Assert.java:122) ~[spring-core-6.0.11.jar:6.0.11]
	at org.springframework.boot.jdbc.DatabaseDriver.fromJdbcUrl(DatabaseDriver.java:288) ~[spring-boot-3.1.2.jar:3.1.2]
	at org.springframework.boot.autoconfigure.jdbc.DataSourceProperties.determineDriverClassName(DataSourceProperties.java:180) ~[spring-boot-autoconfigure-3.1.2.jar:3.1.2]
	at org.springframework.boot.autoconfigure.jdbc.PropertiesJdbcConnectionDetails.getDriverClassName(PropertiesJdbcConnectionDetails.java:49) ~[spring-boot-autoconfigure-3.1.2.jar:3.1.2]
	at org.springframework.boot.autoconfigure.jdbc.DataSourceConfiguration.createDataSource(DataSourceConfiguration.java:55) ~[spring-boot-autoconfigure-3.1.2.jar:3.1.2]
	at org.springframework.boot.autoconfigure.jdbc.DataSourceConfiguration$Hikari.dataSource(DataSourceConfiguration.java:117) ~[spring-boot-autoconfigure-3.1.2.jar:3.1.2]
	at java.base/jdk.internal.reflect.DirectMethodHandleAccessor.invoke(DirectMethodHandleAccessor.java:104) ~[na:na]
	at java.base/java.lang.reflect.Method.invoke(Method.java:578) ~[na:na]
	at org.springframework.beans.factory.support.SimpleInstantiationStrategy.instantiate(SimpleInstantiationStrategy.java:139) ~[spring-beans-6.0.11.jar:6.0.11]
	... 78 common frames omitted

2023-08-24T09:39:03.715+05:00  INFO DESKTOP-P4QH9DC 8300 --- [main] com.redmath.news.Application             : Starting Application using Java 20.0.2 with PID 8300 (D:\New folder\lecture_3\target\classes started by laiba.ahmad in D:\New folder\lecture_3)
2023-08-24T09:39:03.716+05:00 DEBUG DESKTOP-P4QH9DC 8300 --- [main] com.redmath.news.Application             : Running with Spring Boot v3.1.2, Spring v6.0.11
2023-08-24T09:39:03.717+05:00  INFO DESKTOP-P4QH9DC 8300 --- [main] com.redmath.news.Application             : The following 1 profile is active: "dev"
2023-08-24T09:39:04.444+05:00  INFO DESKTOP-P4QH9DC 8300 --- [main] .s.d.r.c.RepositoryConfigurationDelegate : Bootstrapping Spring Data JPA repositories in DEFAULT mode.
2023-08-24T09:39:04.511+05:00  INFO DESKTOP-P4QH9DC 8300 --- [main] .s.d.r.c.RepositoryConfigurationDelegate : Finished Spring Data repository scanning in 56 ms. Found 1 JPA repository interfaces.
2023-08-24T09:39:05.280+05:00  INFO DESKTOP-P4QH9DC 8300 --- [main] o.s.b.w.embedded.tomcat.TomcatWebServer  : Tomcat initialized with port(s): 9080 (http)
2023-08-24T09:39:05.402+05:00  INFO DESKTOP-P4QH9DC 8300 --- [main] w.s.c.ServletWebServerApplicationContext : Root WebApplicationContext: initialization completed in 1627 ms
2023-08-24T09:39:05.425+05:00 ERROR DESKTOP-P4QH9DC 8300 --- [main] o.s.b.web.embedded.tomcat.TomcatStarter  : Error starting Tomcat context. Exception: org.springframework.beans.factory.BeanCreationException. Message: Error creating bean with name 'h2Console' defined in class path resource [org/springframework/boot/autoconfigure/h2/H2ConsoleAutoConfiguration.class]: Failed to instantiate [org.springframework.boot.web.servlet.ServletRegistrationBean]: Factory method 'h2Console' threw exception with message: Error creating bean with name 'dataSource' defined in class path resource [org/springframework/boot/autoconfigure/jdbc/DataSourceConfiguration$Hikari.class]: Failed to instantiate [com.zaxxer.hikari.HikariDataSource]: Factory method 'dataSource' threw exception with message: URL must start with 'jdbc'
2023-08-24T09:39:05.474+05:00  WARN DESKTOP-P4QH9DC 8300 --- [main] ConfigServletWebServerApplicationContext : Exception encountered during context initialization - cancelling refresh attempt: org.springframework.context.ApplicationContextException: Unable to start web server
2023-08-24T09:39:07.850+05:00  INFO DESKTOP-P4QH9DC 2700 --- [main] com.redmath.news.Application             : Starting Application using Java 20.0.2 with PID 2700 (D:\New folder\lecture_3\target\classes started by laiba.ahmad in D:\New folder\lecture_3)
2023-08-24T09:39:07.851+05:00 DEBUG DESKTOP-P4QH9DC 2700 --- [main] com.redmath.news.Application             : Running with Spring Boot v3.1.2, Spring v6.0.11
2023-08-24T09:39:07.852+05:00  INFO DESKTOP-P4QH9DC 2700 --- [main] com.redmath.news.Application             : The following 1 profile is active: "dev"
2023-08-24T09:39:08.633+05:00  INFO DESKTOP-P4QH9DC 2700 --- [main] .s.d.r.c.RepositoryConfigurationDelegate : Bootstrapping Spring Data JPA repositories in DEFAULT mode.
2023-08-24T09:39:08.693+05:00  INFO DESKTOP-P4QH9DC 2700 --- [main] .s.d.r.c.RepositoryConfigurationDelegate : Finished Spring Data repository scanning in 52 ms. Found 1 JPA repository interfaces.
2023-08-24T09:39:09.437+05:00  INFO DESKTOP-P4QH9DC 2700 --- [main] o.s.b.w.embedded.tomcat.TomcatWebServer  : Tomcat initialized with port(s): 9080 (http)
2023-08-24T09:39:09.450+05:00  INFO DESKTOP-P4QH9DC 2700 --- [main] o.apache.catalina.core.StandardService   : Starting service [Tomcat]
2023-08-24T09:39:09.450+05:00  INFO DESKTOP-P4QH9DC 2700 --- [main] o.apache.catalina.core.StandardEngine    : Starting Servlet engine: [Apache Tomcat/10.1.11]
2023-08-24T09:39:09.559+05:00  INFO DESKTOP-P4QH9DC 2700 --- [main] o.a.c.c.C.[Tomcat].[localhost].[/]       : Initializing Spring embedded WebApplicationContext
2023-08-24T09:39:09.559+05:00  INFO DESKTOP-P4QH9DC 2700 --- [main] w.s.c.ServletWebServerApplicationContext : Root WebApplicationContext: initialization completed in 1647 ms
2023-08-24T09:39:09.578+05:00 ERROR DESKTOP-P4QH9DC 2700 --- [main] o.s.b.web.embedded.tomcat.TomcatStarter  : Error starting Tomcat context. Exception: org.springframework.beans.factory.BeanCreationException. Message: Error creating bean with name 'h2Console' defined in class path resource [org/springframework/boot/autoconfigure/h2/H2ConsoleAutoConfiguration.class]: Failed to instantiate [org.springframework.boot.web.servlet.ServletRegistrationBean]: Factory method 'h2Console' threw exception with message: Error creating bean with name 'dataSource' defined in class path resource [org/springframework/boot/autoconfigure/jdbc/DataSourceConfiguration$Hikari.class]: Failed to instantiate [com.zaxxer.hikari.HikariDataSource]: Factory method 'dataSource' threw exception with message: URL must start with 'jdbc'
2023-08-24T09:39:09.608+05:00  INFO DESKTOP-P4QH9DC 2700 --- [main] o.apache.catalina.core.StandardService   : Stopping service [Tomcat]
2023-08-24T09:39:09.616+05:00  WARN DESKTOP-P4QH9DC 2700 --- [main] ConfigServletWebServerApplicationContext : Exception encountered during context initialization - cancelling refresh attempt: org.springframework.context.ApplicationContextException: Unable to start web server
2023-08-24T09:39:09.626+05:00  INFO DESKTOP-P4QH9DC 2700 --- [main] .s.b.a.l.ConditionEvaluationReportLogger : 

Error starting ApplicationContext. To display the condition evaluation report re-run your application with 'debug' enabled.
2023-08-24T09:39:09.651+05:00 ERROR DESKTOP-P4QH9DC 2700 --- [main] o.s.boot.SpringApplication               : Application run failed

org.springframework.context.ApplicationContextException: Unable to start web server
	at org.springframework.boot.web.servlet.context.ServletWebServerApplicationContext.onRefresh(ServletWebServerApplicationContext.java:164) ~[spring-boot-3.1.2.jar:3.1.2]
	at org.springframework.context.support.AbstractApplicationContext.refresh(AbstractApplicationContext.java:602) ~[spring-context-6.0.11.jar:6.0.11]
	at org.springframework.boot.web.servlet.context.ServletWebServerApplicationContext.refresh(ServletWebServerApplicationContext.java:146) ~[spring-boot-3.1.2.jar:3.1.2]
	at org.springframework.boot.SpringApplication.refresh(SpringApplication.java:734) ~[spring-boot-3.1.2.jar:3.1.2]
	at org.springframework.boot.SpringApplication.refreshContext(SpringApplication.java:436) ~[spring-boot-3.1.2.jar:3.1.2]
	at org.springframework.boot.SpringApplication.run(SpringApplication.java:312) ~[spring-boot-3.1.2.jar:3.1.2]
	at org.springframework.boot.SpringApplication.run(SpringApplication.java:1306) ~[spring-boot-3.1.2.jar:3.1.2]
	at org.springframework.boot.SpringApplication.run(SpringApplication.java:1295) ~[spring-boot-3.1.2.jar:3.1.2]
	at com.redmath.news.Application.main(Application.java:13) ~[classes/:na]
Caused by: org.springframework.boot.web.server.WebServerException: Unable to start embedded Tomcat
	at org.springframework.boot.web.embedded.tomcat.TomcatWebServer.initialize(TomcatWebServer.java:142) ~[spring-boot-3.1.2.jar:3.1.2]
	at org.springframework.boot.web.embedded.tomcat.TomcatWebServer.<init>(TomcatWebServer.java:104) ~[spring-boot-3.1.2.jar:3.1.2]
	at org.springframework.boot.web.embedded.tomcat.TomcatServletWebServerFactory.getTomcatWebServer(TomcatServletWebServerFactory.java:489) ~[spring-boot-3.1.2.jar:3.1.2]
	at org.springframework.boot.web.embedded.tomcat.TomcatServletWebServerFactory.getWebServer(TomcatServletWebServerFactory.java:211) ~[spring-boot-3.1.2.jar:3.1.2]
	at org.springframework.boot.web.servlet.context.ServletWebServerApplicationContext.createWebServer(ServletWebServerApplicationContext.java:183) ~[spring-boot-3.1.2.jar:3.1.2]
	at org.springframework.boot.web.servlet.context.ServletWebServerApplicationContext.onRefresh(ServletWebServerApplicationContext.java:161) ~[spring-boot-3.1.2.jar:3.1.2]
	... 8 common frames omitted
Caused by: org.springframework.beans.factory.BeanCreationException: Error creating bean with name 'h2Console' defined in class path resource [org/springframework/boot/autoconfigure/h2/H2ConsoleAutoConfiguration.class]: Failed to instantiate [org.springframework.boot.web.servlet.ServletRegistrationBean]: Factory method 'h2Console' threw exception with message: Error creating bean with name 'dataSource' defined in class path resource [org/springframework/boot/autoconfigure/jdbc/DataSourceConfiguration$Hikari.class]: Failed to instantiate [com.zaxxer.hikari.HikariDataSource]: Factory method 'dataSource' threw exception with message: URL must start with 'jdbc'
	at org.springframework.beans.factory.support.ConstructorResolver.instantiate(ConstructorResolver.java:659) ~[spring-beans-6.0.11.jar:6.0.11]
	at org.springframework.beans.factory.support.ConstructorResolver.instantiateUsingFactoryMethod(ConstructorResolver.java:647) ~[spring-beans-6.0.11.jar:6.0.11]
	at org.springframework.beans.factory.support.AbstractAutowireCapableBeanFactory.instantiateUsingFactoryMethod(AbstractAutowireCapableBeanFactory.java:1332) ~[spring-beans-6.0.11.jar:6.0.11]
	at org.springframework.beans.factory.support.AbstractAutowireCapableBeanFactory.createBeanInstance(AbstractAutowireCapableBeanFactory.java:1162) ~[spring-beans-6.0.11.jar:6.0.11]
	at org.springframework.beans.factory.support.AbstractAutowireCapableBeanFactory.doCreateBean(AbstractAutowireCapableBeanFactory.java:560) ~[spring-beans-6.0.11.jar:6.0.11]
	at org.springframework.beans.factory.support.AbstractAutowireCapableBeanFactory.createBean(AbstractAutowireCapableBeanFactory.java:520) ~[spring-beans-6.0.11.jar:6.0.11]
	at org.springframework.beans.factory.support.AbstractBeanFactory.lambda$doGetBean$0(AbstractBeanFactory.java:326) ~[spring-beans-6.0.11.jar:6.0.11]
	at org.springframework.beans.factory.support.DefaultSingletonBeanRegistry.getSingleton(DefaultSingletonBeanRegistry.java:234) ~[spring-beans-6.0.11.jar:6.0.11]
	at org.springframework.beans.factory.support.AbstractBeanFactory.doGetBean(AbstractBeanFactory.java:324) ~[spring-beans-6.0.11.jar:6.0.11]
	at org.springframework.beans.factory.support.AbstractBeanFactory.getBean(AbstractBeanFactory.java:205) ~[spring-beans-6.0.11.jar:6.0.11]
	at org.springframework.boot.web.servlet.ServletContextInitializerBeans.getOrderedBeansOfType(ServletContextInitializerBeans.java:210) ~[spring-boot-3.1.2.jar:3.1.2]
	at org.springframework.boot.web.servlet.ServletContextInitializerBeans.getOrderedBeansOfType(ServletContextInitializerBeans.java:201) ~[spring-boot-3.1.2.jar:3.1.2]
	at org.springframework.boot.web.servlet.ServletContextInitializerBeans.addServletContextInitializerBeans(ServletContextInitializerBeans.java:96) ~[spring-boot-3.1.2.jar:3.1.2]
	at org.springframework.boot.web.servlet.ServletContextInitializerBeans.<init>(ServletContextInitializerBeans.java:85) ~[spring-boot-3.1.2.jar:3.1.2]
	at org.springframework.boot.web.servlet.context.ServletWebServerApplicationContext.getServletContextInitializerBeans(ServletWebServerApplicationContext.java:261) ~[spring-boot-3.1.2.jar:3.1.2]
	at org.springframework.boot.web.servlet.context.ServletWebServerApplicationContext.selfInitialize(ServletWebServerApplicationContext.java:235) ~[spring-boot-3.1.2.jar:3.1.2]
	at org.springframework.boot.web.embedded.tomcat.TomcatStarter.onStartup(TomcatStarter.java:52) ~[spring-boot-3.1.2.jar:3.1.2]
	at org.apache.catalina.core.StandardContext.startInternal(StandardContext.java:4886) ~[tomcat-embed-core-10.1.11.jar:10.1.11]
	at org.apache.catalina.util.LifecycleBase.start(LifecycleBase.java:183) ~[tomcat-embed-core-10.1.11.jar:10.1.11]
	at org.apache.catalina.core.ContainerBase$StartChild.call(ContainerBase.java:1328) ~[tomcat-embed-core-10.1.11.jar:10.1.11]
	at org.apache.catalina.core.ContainerBase$StartChild.call(ContainerBase.java:1318) ~[tomcat-embed-core-10.1.11.jar:10.1.11]
	at java.base/java.util.concurrent.FutureTask.run(FutureTask.java:317) ~[na:na]
	at org.apache.tomcat.util.threads.InlineExecutorService.execute(InlineExecutorService.java:75) ~[tomcat-embed-core-10.1.11.jar:10.1.11]
	at java.base/java.util.concurrent.AbstractExecutorService.submit(AbstractExecutorService.java:145) ~[na:na]
	at org.apache.catalina.core.ContainerBase.startInternal(ContainerBase.java:866) ~[tomcat-embed-core-10.1.11.jar:10.1.11]
	at org.apache.catalina.core.StandardHost.startInternal(StandardHost.java:846) ~[tomcat-embed-core-10.1.11.jar:10.1.11]
	at org.apache.catalina.util.LifecycleBase.start(LifecycleBase.java:183) ~[tomcat-embed-core-10.1.11.jar:10.1.11]
	at org.apache.catalina.core.ContainerBase$StartChild.call(ContainerBase.java:1328) ~[tomcat-embed-core-10.1.11.jar:10.1.11]
	at org.apache.catalina.core.ContainerBase$StartChild.call(ContainerBase.java:1318) ~[tomcat-embed-core-10.1.11.jar:10.1.11]
	at java.base/java.util.concurrent.FutureTask.run(FutureTask.java:317) ~[na:na]
	at org.apache.tomcat.util.threads.InlineExecutorService.execute(InlineExecutorService.java:75) ~[tomcat-embed-core-10.1.11.jar:10.1.11]
	at java.base/java.util.concurrent.AbstractExecutorService.submit(AbstractExecutorService.java:145) ~[na:na]
	at org.apache.catalina.core.ContainerBase.startInternal(ContainerBase.java:866) ~[tomcat-embed-core-10.1.11.jar:10.1.11]
	at org.apache.catalina.core.StandardEngine.startInternal(StandardEngine.java:241) ~[tomcat-embed-core-10.1.11.jar:10.1.11]
	at org.apache.catalina.util.LifecycleBase.start(LifecycleBase.java:183) ~[tomcat-embed-core-10.1.11.jar:10.1.11]
	at org.apache.catalina.core.StandardService.startInternal(StandardService.java:428) ~[tomcat-embed-core-10.1.11.jar:10.1.11]
	at org.apache.catalina.util.LifecycleBase.start(LifecycleBase.java:183) ~[tomcat-embed-core-10.1.11.jar:10.1.11]
	at org.apache.catalina.core.StandardServer.startInternal(StandardServer.java:918) ~[tomcat-embed-core-10.1.11.jar:10.1.11]
	at org.apache.catalina.util.LifecycleBase.start(LifecycleBase.java:183) ~[tomcat-embed-core-10.1.11.jar:10.1.11]
	at org.apache.catalina.startup.Tomcat.start(Tomcat.java:485) ~[tomcat-embed-core-10.1.11.jar:10.1.11]
	at org.springframework.boot.web.embedded.tomcat.TomcatWebServer.initialize(TomcatWebServer.java:123) ~[spring-boot-3.1.2.jar:3.1.2]
	... 13 common frames omitted
Caused by: org.springframework.beans.BeanInstantiationException: Failed to instantiate [org.springframework.boot.web.servlet.ServletRegistrationBean]: Factory method 'h2Console' threw exception with message: Error creating bean with name 'dataSource' defined in class path resource [org/springframework/boot/autoconfigure/jdbc/DataSourceConfiguration$Hikari.class]: Failed to instantiate [com.zaxxer.hikari.HikariDataSource]: Factory method 'dataSource' threw exception with message: URL must start with 'jdbc'
	at org.springframework.beans.factory.support.SimpleInstantiationStrategy.instantiate(SimpleInstantiationStrategy.java:171) ~[spring-beans-6.0.11.jar:6.0.11]
	at org.springframework.beans.factory.support.ConstructorResolver.instantiate(ConstructorResolver.java:655) ~[spring-beans-6.0.11.jar:6.0.11]
	... 53 common frames omitted
Caused by: org.springframework.beans.factory.BeanCreationException: Error creating bean with name 'dataSource' defined in class path resource [org/springframework/boot/autoconfigure/jdbc/DataSourceConfiguration$Hikari.class]: Failed to instantiate [com.zaxxer.hikari.HikariDataSource]: Factory method 'dataSource' threw exception with message: URL must start with 'jdbc'
	at org.springframework.beans.factory.support.ConstructorResolver.instantiate(ConstructorResolver.java:659) ~[spring-beans-6.0.11.jar:6.0.11]
	at org.springframework.beans.factory.support.ConstructorResolver.instantiateUsingFactoryMethod(ConstructorResolver.java:647) ~[spring-beans-6.0.11.jar:6.0.11]
	at org.springframework.beans.factory.support.AbstractAutowireCapableBeanFactory.instantiateUsingFactoryMethod(AbstractAutowireCapableBeanFactory.java:1332) ~[spring-beans-6.0.11.jar:6.0.11]
	at org.springframework.beans.factory.support.AbstractAutowireCapableBeanFactory.createBeanInstance(AbstractAutowireCapableBeanFactory.java:1162) ~[spring-beans-6.0.11.jar:6.0.11]
	at org.springframework.beans.factory.support.AbstractAutowireCapableBeanFactory.doCreateBean(AbstractAutowireCapableBeanFactory.java:560) ~[spring-beans-6.0.11.jar:6.0.11]
	at org.springframework.beans.factory.support.AbstractAutowireCapableBeanFactory.createBean(AbstractAutowireCapableBeanFactory.java:520) ~[spring-beans-6.0.11.jar:6.0.11]
	at org.springframework.beans.factory.support.AbstractBeanFactory.lambda$doGetBean$0(AbstractBeanFactory.java:326) ~[spring-beans-6.0.11.jar:6.0.11]
	at org.springframework.beans.factory.support.DefaultSingletonBeanRegistry.getSingleton(DefaultSingletonBeanRegistry.java:234) ~[spring-beans-6.0.11.jar:6.0.11]
	at org.springframework.beans.factory.support.AbstractBeanFactory.doGetBean(AbstractBeanFactory.java:324) ~[spring-beans-6.0.11.jar:6.0.11]
	at org.springframework.beans.factory.support.AbstractBeanFactory.getBean(AbstractBeanFactory.java:200) ~[spring-beans-6.0.11.jar:6.0.11]
	at org.springframework.beans.factory.config.DependencyDescriptor.resolveCandidate(DependencyDescriptor.java:254) ~[spring-beans-6.0.11.jar:6.0.11]
	at org.springframework.beans.factory.support.DefaultListableBeanFactory.addCandidateEntry(DefaultListableBeanFactory.java:1640) ~[spring-beans-6.0.11.jar:6.0.11]
	at org.springframework.beans.factory.support.DefaultListableBeanFactory.findAutowireCandidates(DefaultListableBeanFactory.java:1597) ~[spring-beans-6.0.11.jar:6.0.11]
	at org.springframework.beans.factory.support.DefaultListableBeanFactory.resolveMultipleBeans(DefaultListableBeanFactory.java:1443) ~[spring-beans-6.0.11.jar:6.0.11]
	at org.springframework.beans.factory.support.DefaultListableBeanFactory.doResolveDependency(DefaultListableBeanFactory.java:1375) ~[spring-beans-6.0.11.jar:6.0.11]
	at org.springframework.beans.factory.support.DefaultListableBeanFactory$DependencyObjectProvider.resolveStream(DefaultListableBeanFactory.java:2143) ~[spring-beans-6.0.11.jar:6.0.11]
	at org.springframework.beans.factory.support.DefaultListableBeanFactory$DependencyObjectProvider.orderedStream(DefaultListableBeanFactory.java:2137) ~[spring-beans-6.0.11.jar:6.0.11]
	at org.springframework.boot.autoconfigure.h2.H2ConsoleAutoConfiguration.logDataSources(H2ConsoleAutoConfiguration.java:86) ~[spring-boot-autoconfigure-3.1.2.jar:3.1.2]
	at org.springframework.boot.autoconfigure.h2.H2ConsoleAutoConfiguration.lambda$h2Console$0(H2ConsoleAutoConfiguration.java:69) ~[spring-boot-autoconfigure-3.1.2.jar:3.1.2]
	at org.springframework.boot.autoconfigure.h2.H2ConsoleAutoConfiguration.withThreadContextClassLoader(H2ConsoleAutoConfiguration.java:78) ~[spring-boot-autoconfigure-3.1.2.jar:3.1.2]
	at org.springframework.boot.autoconfigure.h2.H2ConsoleAutoConfiguration.h2Console(H2ConsoleAutoConfiguration.java:69) ~[spring-boot-autoconfigure-3.1.2.jar:3.1.2]
	at java.base/jdk.internal.reflect.DirectMethodHandleAccessor.invoke(DirectMethodHandleAccessor.java:104) ~[na:na]
	at java.base/java.lang.reflect.Method.invoke(Method.java:578) ~[na:na]
	at org.springframework.beans.factory.support.SimpleInstantiationStrategy.instantiate(SimpleInstantiationStrategy.java:139) ~[spring-beans-6.0.11.jar:6.0.11]
	... 54 common frames omitted
Caused by: org.springframework.beans.BeanInstantiationException: Failed to instantiate [com.zaxxer.hikari.HikariDataSource]: Factory method 'dataSource' threw exception with message: URL must start with 'jdbc'
	at org.springframework.beans.factory.support.SimpleInstantiationStrategy.instantiate(SimpleInstantiationStrategy.java:171) ~[spring-beans-6.0.11.jar:6.0.11]
	at org.springframework.beans.factory.support.ConstructorResolver.instantiate(ConstructorResolver.java:655) ~[spring-beans-6.0.11.jar:6.0.11]
	... 77 common frames omitted
Caused by: java.lang.IllegalArgumentException: URL must start with 'jdbc'
	at org.springframework.util.Assert.isTrue(Assert.java:122) ~[spring-core-6.0.11.jar:6.0.11]
	at org.springframework.boot.jdbc.DatabaseDriver.fromJdbcUrl(DatabaseDriver.java:288) ~[spring-boot-3.1.2.jar:3.1.2]
	at org.springframework.boot.autoconfigure.jdbc.DataSourceProperties.determineDriverClassName(DataSourceProperties.java:180) ~[spring-boot-autoconfigure-3.1.2.jar:3.1.2]
	at org.springframework.boot.autoconfigure.jdbc.PropertiesJdbcConnectionDetails.getDriverClassName(PropertiesJdbcConnectionDetails.java:49) ~[spring-boot-autoconfigure-3.1.2.jar:3.1.2]
	at org.springframework.boot.autoconfigure.jdbc.DataSourceConfiguration.createDataSource(DataSourceConfiguration.java:55) ~[spring-boot-autoconfigure-3.1.2.jar:3.1.2]
	at org.springframework.boot.autoconfigure.jdbc.DataSourceConfiguration$Hikari.dataSource(DataSourceConfiguration.java:117) ~[spring-boot-autoconfigure-3.1.2.jar:3.1.2]
	at java.base/jdk.internal.reflect.DirectMethodHandleAccessor.invoke(DirectMethodHandleAccessor.java:104) ~[na:na]
	at java.base/java.lang.reflect.Method.invoke(Method.java:578) ~[na:na]
	at org.springframework.beans.factory.support.SimpleInstantiationStrategy.instantiate(SimpleInstantiationStrategy.java:139) ~[spring-beans-6.0.11.jar:6.0.11]
	... 78 common frames omitted

2023-08-24T09:39:38.269+05:00  INFO DESKTOP-P4QH9DC 12076 --- [main] com.redmath.news.Application             : Starting Application using Java 20.0.2 with PID 12076 (D:\New folder\lecture_3\target\classes started by laiba.ahmad in D:\New folder\lecture_3)
2023-08-24T09:39:38.271+05:00 DEBUG DESKTOP-P4QH9DC 12076 --- [main] com.redmath.news.Application             : Running with Spring Boot v3.1.2, Spring v6.0.11
2023-08-24T09:39:38.272+05:00  INFO DESKTOP-P4QH9DC 12076 --- [main] com.redmath.news.Application             : The following 1 profile is active: "dev"
2023-08-24T09:39:38.970+05:00  INFO DESKTOP-P4QH9DC 12076 --- [main] .s.d.r.c.RepositoryConfigurationDelegate : Bootstrapping Spring Data JPA repositories in DEFAULT mode.
2023-08-24T09:39:39.034+05:00  INFO DESKTOP-P4QH9DC 12076 --- [main] .s.d.r.c.RepositoryConfigurationDelegate : Finished Spring Data repository scanning in 54 ms. Found 1 JPA repository interfaces.
2023-08-24T09:39:39.741+05:00  INFO DESKTOP-P4QH9DC 12076 --- [main] o.s.b.w.embedded.tomcat.TomcatWebServer  : Tomcat initialized with port(s): 9080 (http)
2023-08-24T09:39:39.755+05:00  INFO DESKTOP-P4QH9DC 12076 --- [main] o.apache.catalina.core.StandardService   : Starting service [Tomcat]
2023-08-24T09:39:39.756+05:00  INFO DESKTOP-P4QH9DC 12076 --- [main] o.apache.catalina.core.StandardEngine    : Starting Servlet engine: [Apache Tomcat/10.1.11]
2023-08-24T09:39:39.871+05:00  INFO DESKTOP-P4QH9DC 12076 --- [main] o.a.c.c.C.[Tomcat].[localhost].[/]       : Initializing Spring embedded WebApplicationContext
2023-08-24T09:39:39.872+05:00  INFO DESKTOP-P4QH9DC 12076 --- [main] w.s.c.ServletWebServerApplicationContext : Root WebApplicationContext: initialization completed in 1544 ms
2023-08-24T09:39:39.907+05:00  INFO DESKTOP-P4QH9DC 12076 --- [main] com.zaxxer.hikari.HikariDataSource       : HikariPool-1 - Starting...
2023-08-24T09:39:40.120+05:00  INFO DESKTOP-P4QH9DC 12076 --- [main] com.zaxxer.hikari.pool.HikariPool        : HikariPool-1 - Added connection conn0: url=jdbc:h2:mem:news user=SA
2023-08-24T09:39:40.122+05:00  INFO DESKTOP-P4QH9DC 12076 --- [main] com.zaxxer.hikari.HikariDataSource       : HikariPool-1 - Start completed.
2023-08-24T09:39:40.134+05:00  INFO DESKTOP-P4QH9DC 12076 --- [main] o.s.b.a.h2.H2ConsoleAutoConfiguration    : H2 console available at '/h2-console'. Database available at 'jdbc:h2:mem:news'
2023-08-24T09:39:40.313+05:00  INFO DESKTOP-P4QH9DC 12076 --- [main] liquibase.database                       : Set default schema name to PUBLIC
2023-08-24T09:39:40.755+05:00  INFO DESKTOP-P4QH9DC 12076 --- [main] liquibase.executor                       : Changelog query completed.
2023-08-24T09:39:40.759+05:00  INFO DESKTOP-P4QH9DC 12076 --- [main] liquibase.executor                       : Changelog query completed.
2023-08-24T09:39:40.763+05:00  INFO DESKTOP-P4QH9DC 12076 --- [main] liquibase.executor                       : Changelog query completed.
2023-08-24T09:39:40.766+05:00  INFO DESKTOP-P4QH9DC 12076 --- [main] liquibase.executor                       : Changelog query completed.
2023-08-24T09:39:40.771+05:00  INFO DESKTOP-P4QH9DC 12076 --- [main] liquibase.executor                       : Changelog query completed.
2023-08-24T09:39:40.771+05:00  INFO DESKTOP-P4QH9DC 12076 --- [main] liquibase.lockservice                    : Successfully acquired change log lock
2023-08-24T09:39:40.785+05:00  INFO DESKTOP-P4QH9DC 12076 --- [main] liquibase.changelog                      : Creating database history table with name: PUBLIC.DATABASECHANGELOG
2023-08-24T09:39:40.789+05:00  INFO DESKTOP-P4QH9DC 12076 --- [main] liquibase.executor                       : Changelog query completed.
2023-08-24T09:39:40.790+05:00  INFO DESKTOP-P4QH9DC 12076 --- [main] liquibase.changelog                      : Reading from PUBLIC.DATABASECHANGELOG
2023-08-24T09:39:40.793+05:00  INFO DESKTOP-P4QH9DC 12076 --- [main] liquibase.executor                       : Changelog query completed.
2023-08-24T09:39:40.794+05:00  INFO DESKTOP-P4QH9DC 12076 --- [main] liquibase.executor                       : Changelog query completed.
2023-08-24T09:39:40.837+05:00  INFO DESKTOP-P4QH9DC 12076 --- [main] liquibase.changelog                      : Table News created
2023-08-24T09:39:40.839+05:00  INFO DESKTOP-P4QH9DC 12076 --- [main] liquibase.changelog                      : Primary key added to News (id)
2023-08-24T09:39:40.841+05:00  INFO DESKTOP-P4QH9DC 12076 --- [main] liquibase.changelog                      : Index news_ix_01 created
2023-08-24T09:39:40.842+05:00  INFO DESKTOP-P4QH9DC 12076 --- [main] liquibase.changelog                      : ChangeSet db/changelog/db.changelog-schema-0.0.1.yaml::schema-0.0.1::News team ran successfully in 8ms
2023-08-24T09:39:40.845+05:00  INFO DESKTOP-P4QH9DC 12076 --- [main] liquibase.executor                       : Changelog query completed.
2023-08-24T09:39:40.847+05:00  INFO DESKTOP-P4QH9DC 12076 --- [main] liquibase.executor                       : Changelog query completed.
2023-08-24T09:39:40.850+05:00  INFO DESKTOP-P4QH9DC 12076 --- [main] liquibase.changelog                      : New row inserted into News
2023-08-24T09:39:40.851+05:00  INFO DESKTOP-P4QH9DC 12076 --- [main] liquibase.changelog                      : New row inserted into News
2023-08-24T09:39:40.852+05:00  INFO DESKTOP-P4QH9DC 12076 --- [main] liquibase.changelog                      : ChangeSet db/changelog/db.changelog-data-0.0.1.yaml::data-0.0.1::News team ran successfully in 3ms
2023-08-24T09:39:40.853+05:00  INFO DESKTOP-P4QH9DC 12076 --- [main] liquibase.executor                       : Changelog query completed.
2023-08-24T09:39:40.855+05:00  INFO DESKTOP-P4QH9DC 12076 --- [main] liquibase                                : Update command completed successfully.
2023-08-24T09:39:40.856+05:00  INFO DESKTOP-P4QH9DC 12076 --- [main] liquibase.executor                       : Changelog query completed.
2023-08-24T09:39:40.857+05:00  INFO DESKTOP-P4QH9DC 12076 --- [main] liquibase.lockservice                    : Successfully released change log lock
2023-08-24T09:39:40.942+05:00  INFO DESKTOP-P4QH9DC 12076 --- [main] o.hibernate.jpa.internal.util.LogHelper  : HHH000204: Processing PersistenceUnitInfo [name: default]
2023-08-24T09:39:41.042+05:00  INFO DESKTOP-P4QH9DC 12076 --- [main] org.hibernate.Version                    : HHH000412: Hibernate ORM core version 6.2.6.Final
2023-08-24T09:39:41.047+05:00  INFO DESKTOP-P4QH9DC 12076 --- [main] org.hibernate.cfg.Environment            : HHH000406: Using bytecode reflection optimizer
2023-08-24T09:39:41.243+05:00  INFO DESKTOP-P4QH9DC 12076 --- [main] o.h.b.i.BytecodeProviderInitiator        : HHH000021: Bytecode provider name : bytebuddy
2023-08-24T09:39:41.394+05:00  INFO DESKTOP-P4QH9DC 12076 --- [main] o.s.o.j.p.SpringPersistenceUnitInfo      : No LoadTimeWeaver setup: ignoring JPA class transformer
2023-08-24T09:39:41.637+05:00  INFO DESKTOP-P4QH9DC 12076 --- [main] o.h.b.i.BytecodeProviderInitiator        : HHH000021: Bytecode provider name : bytebuddy
2023-08-24T09:39:42.247+05:00  INFO DESKTOP-P4QH9DC 12076 --- [main] o.h.e.t.j.p.i.JtaPlatformInitiator       : HHH000490: Using JtaPlatform implementation: [org.hibernate.engine.transaction.jta.platform.internal.NoJtaPlatform]
2023-08-24T09:39:42.250+05:00  INFO DESKTOP-P4QH9DC 12076 --- [main] j.LocalContainerEntityManagerFactoryBean : Initialized JPA EntityManagerFactory for persistence unit 'default'
2023-08-24T09:39:42.621+05:00  WARN DESKTOP-P4QH9DC 12076 --- [main] JpaBaseConfiguration$JpaWebConfiguration : spring.jpa.open-in-view is enabled by default. Therefore, database queries may be performed during view rendering. Explicitly configure spring.jpa.open-in-view to disable this warning
2023-08-24T09:39:42.768+05:00  INFO DESKTOP-P4QH9DC 12076 --- [main] o.s.b.a.w.s.WelcomePageHandlerMapping    : Adding welcome page: class path resource [static/index.html]
2023-08-24T09:39:43.002+05:00  INFO DESKTOP-P4QH9DC 12076 --- [main] o.s.b.w.embedded.tomcat.TomcatWebServer  : Tomcat started on port(s): 9080 (http) with context path ''
2023-08-24T09:39:43.017+05:00  INFO DESKTOP-P4QH9DC 12076 --- [main] com.redmath.news.Application             : Started Application in 5.341 seconds (process running for 5.773)
2023-08-24T09:39:55.302+05:00  INFO DESKTOP-P4QH9DC 12076 --- [http-nio-9080-exec-1] o.a.c.c.C.[Tomcat].[localhost].[/]       : Initializing Spring DispatcherServlet 'dispatcherServlet'
2023-08-24T09:39:55.303+05:00  INFO DESKTOP-P4QH9DC 12076 --- [http-nio-9080-exec-1] o.s.web.servlet.DispatcherServlet        : Initializing Servlet 'dispatcherServlet'
2023-08-24T09:39:55.304+05:00  INFO DESKTOP-P4QH9DC 12076 --- [http-nio-9080-exec-1] o.s.web.servlet.DispatcherServlet        : Completed initialization in 1 ms
2023-08-24T09:39:55.341+05:00 DEBUG DESKTOP-P4QH9DC 12076 --- [http-nio-9080-exec-1] com.redmath.news.core.NewsService        : Finding All
2023-08-24T09:39:55.477+05:00 DEBUG DESKTOP-P4QH9DC 12076 --- [http-nio-9080-exec-1] org.hibernate.SQL                        : select n1_0.id,n1_0.details,n1_0.reported_at,n1_0.tags,n1_0.title from news n1_0
2023-08-24T09:44:28.073+05:00  INFO DESKTOP-P4QH9DC 12076 --- [SpringApplicationShutdownHook] j.LocalContainerEntityManagerFactoryBean : Closing JPA EntityManagerFactory for persistence unit 'default'
2023-08-24T09:44:28.075+05:00  INFO DESKTOP-P4QH9DC 12076 --- [SpringApplicationShutdownHook] com.zaxxer.hikari.HikariDataSource       : HikariPool-1 - Shutdown initiated...
2023-08-24T09:44:28.077+05:00  INFO DESKTOP-P4QH9DC 12076 --- [SpringApplicationShutdownHook] com.zaxxer.hikari.HikariDataSource       : HikariPool-1 - Shutdown completed.
2023-08-24T09:44:32.248+05:00  INFO DESKTOP-P4QH9DC 7664 --- [main] com.redmath.news.Application             : Starting Application using Java 20.0.2 with PID 7664 (D:\New folder\lecture_3\target\classes started by laiba.ahmad in D:\New folder\lecture_3)
2023-08-24T09:44:32.249+05:00 DEBUG DESKTOP-P4QH9DC 7664 --- [main] com.redmath.news.Application             : Running with Spring Boot v3.1.2, Spring v6.0.11
2023-08-24T09:44:32.250+05:00  INFO DESKTOP-P4QH9DC 7664 --- [main] com.redmath.news.Application             : The following 1 profile is active: "dev"
2023-08-24T09:44:32.941+05:00  INFO DESKTOP-P4QH9DC 7664 --- [main] .s.d.r.c.RepositoryConfigurationDelegate : Bootstrapping Spring Data JPA repositories in DEFAULT mode.
2023-08-24T09:44:33.004+05:00  INFO DESKTOP-P4QH9DC 7664 --- [main] .s.d.r.c.RepositoryConfigurationDelegate : Finished Spring Data repository scanning in 53 ms. Found 1 JPA repository interfaces.
2023-08-24T09:44:33.698+05:00  INFO DESKTOP-P4QH9DC 7664 --- [main] o.s.b.w.embedded.tomcat.TomcatWebServer  : Tomcat initialized with port(s): 9080 (http)
2023-08-24T09:44:33.718+05:00  INFO DESKTOP-P4QH9DC 7664 --- [main] o.apache.catalina.core.StandardService   : Starting service [Tomcat]
2023-08-24T09:44:33.718+05:00  INFO DESKTOP-P4QH9DC 7664 --- [main] o.apache.catalina.core.StandardEngine    : Starting Servlet engine: [Apache Tomcat/10.1.11]
2023-08-24T09:44:33.818+05:00  INFO DESKTOP-P4QH9DC 7664 --- [main] o.a.c.c.C.[Tomcat].[localhost].[/]       : Initializing Spring embedded WebApplicationContext
2023-08-24T09:44:33.818+05:00  INFO DESKTOP-P4QH9DC 7664 --- [main] w.s.c.ServletWebServerApplicationContext : Root WebApplicationContext: initialization completed in 1512 ms
2023-08-24T09:44:33.855+05:00  INFO DESKTOP-P4QH9DC 7664 --- [main] com.zaxxer.hikari.HikariDataSource       : HikariPool-1 - Starting...
2023-08-24T09:44:34.036+05:00  INFO DESKTOP-P4QH9DC 7664 --- [main] com.zaxxer.hikari.pool.HikariPool        : HikariPool-1 - Added connection conn0: url=jdbc:h2:mem:news user=SA
2023-08-24T09:44:34.038+05:00  INFO DESKTOP-P4QH9DC 7664 --- [main] com.zaxxer.hikari.HikariDataSource       : HikariPool-1 - Start completed.
2023-08-24T09:44:34.049+05:00  INFO DESKTOP-P4QH9DC 7664 --- [main] o.s.b.a.h2.H2ConsoleAutoConfiguration    : H2 console available at '/h2-console'. Database available at 'jdbc:h2:mem:news'
2023-08-24T09:44:34.232+05:00  INFO DESKTOP-P4QH9DC 7664 --- [main] liquibase.database                       : Set default schema name to PUBLIC
2023-08-24T09:44:34.651+05:00  INFO DESKTOP-P4QH9DC 7664 --- [main] liquibase.executor                       : Changelog query completed.
2023-08-24T09:44:34.655+05:00  INFO DESKTOP-P4QH9DC 7664 --- [main] liquibase.executor                       : Changelog query completed.
2023-08-24T09:44:34.660+05:00  INFO DESKTOP-P4QH9DC 7664 --- [main] liquibase.executor                       : Changelog query completed.
2023-08-24T09:44:34.662+05:00  INFO DESKTOP-P4QH9DC 7664 --- [main] liquibase.executor                       : Changelog query completed.
2023-08-24T09:44:34.668+05:00  INFO DESKTOP-P4QH9DC 7664 --- [main] liquibase.executor                       : Changelog query completed.
2023-08-24T09:44:34.668+05:00  INFO DESKTOP-P4QH9DC 7664 --- [main] liquibase.lockservice                    : Successfully acquired change log lock
2023-08-24T09:44:34.683+05:00  INFO DESKTOP-P4QH9DC 7664 --- [main] liquibase.changelog                      : Creating database history table with name: PUBLIC.DATABASECHANGELOG
2023-08-24T09:44:34.687+05:00  INFO DESKTOP-P4QH9DC 7664 --- [main] liquibase.executor                       : Changelog query completed.
2023-08-24T09:44:34.688+05:00  INFO DESKTOP-P4QH9DC 7664 --- [main] liquibase.changelog                      : Reading from PUBLIC.DATABASECHANGELOG
2023-08-24T09:44:34.691+05:00  INFO DESKTOP-P4QH9DC 7664 --- [main] liquibase.executor                       : Changelog query completed.
2023-08-24T09:44:34.693+05:00  INFO DESKTOP-P4QH9DC 7664 --- [main] liquibase.executor                       : Changelog query completed.
2023-08-24T09:44:34.737+05:00  INFO DESKTOP-P4QH9DC 7664 --- [main] liquibase.changelog                      : Table News created
2023-08-24T09:44:34.739+05:00  INFO DESKTOP-P4QH9DC 7664 --- [main] liquibase.changelog                      : Primary key added to News (id)
2023-08-24T09:44:34.742+05:00  INFO DESKTOP-P4QH9DC 7664 --- [main] liquibase.changelog                      : Index news_ix_01 created
2023-08-24T09:44:34.742+05:00  INFO DESKTOP-P4QH9DC 7664 --- [main] liquibase.changelog                      : ChangeSet db/changelog/db.changelog-schema-0.0.1.yaml::schema-0.0.1::News team ran successfully in 8ms
2023-08-24T09:44:34.746+05:00  INFO DESKTOP-P4QH9DC 7664 --- [main] liquibase.executor                       : Changelog query completed.
2023-08-24T09:44:34.747+05:00  INFO DESKTOP-P4QH9DC 7664 --- [main] liquibase.executor                       : Changelog query completed.
2023-08-24T09:44:34.750+05:00  INFO DESKTOP-P4QH9DC 7664 --- [main] liquibase.changelog                      : New row inserted into News
2023-08-24T09:44:34.751+05:00  INFO DESKTOP-P4QH9DC 7664 --- [main] liquibase.changelog                      : New row inserted into News
2023-08-24T09:44:34.752+05:00  INFO DESKTOP-P4QH9DC 7664 --- [main] liquibase.changelog                      : ChangeSet db/changelog/db.changelog-data-0.0.1.yaml::data-0.0.1::News team ran successfully in 4ms
2023-08-24T09:44:34.753+05:00  INFO DESKTOP-P4QH9DC 7664 --- [main] liquibase.executor                       : Changelog query completed.
2023-08-24T09:44:34.754+05:00  INFO DESKTOP-P4QH9DC 7664 --- [main] liquibase                                : Update command completed successfully.
2023-08-24T09:44:34.756+05:00  INFO DESKTOP-P4QH9DC 7664 --- [main] liquibase.executor                       : Changelog query completed.
2023-08-24T09:44:34.757+05:00  INFO DESKTOP-P4QH9DC 7664 --- [main] liquibase.lockservice                    : Successfully released change log lock
2023-08-24T09:44:34.846+05:00  INFO DESKTOP-P4QH9DC 7664 --- [main] o.hibernate.jpa.internal.util.LogHelper  : HHH000204: Processing PersistenceUnitInfo [name: default]
2023-08-24T09:44:34.947+05:00  INFO DESKTOP-P4QH9DC 7664 --- [main] org.hibernate.Version                    : HHH000412: Hibernate ORM core version 6.2.6.Final
2023-08-24T09:44:34.950+05:00  INFO DESKTOP-P4QH9DC 7664 --- [main] org.hibernate.cfg.Environment            : HHH000406: Using bytecode reflection optimizer
2023-08-24T09:44:35.102+05:00  INFO DESKTOP-P4QH9DC 7664 --- [main] o.h.b.i.BytecodeProviderInitiator        : HHH000021: Bytecode provider name : bytebuddy
2023-08-24T09:44:35.265+05:00  INFO DESKTOP-P4QH9DC 7664 --- [main] o.s.o.j.p.SpringPersistenceUnitInfo      : No LoadTimeWeaver setup: ignoring JPA class transformer
2023-08-24T09:44:35.486+05:00  INFO DESKTOP-P4QH9DC 7664 --- [main] o.h.b.i.BytecodeProviderInitiator        : HHH000021: Bytecode provider name : bytebuddy
2023-08-24T09:44:36.110+05:00  INFO DESKTOP-P4QH9DC 7664 --- [main] o.h.e.t.j.p.i.JtaPlatformInitiator       : HHH000490: Using JtaPlatform implementation: [org.hibernate.engine.transaction.jta.platform.internal.NoJtaPlatform]
2023-08-24T09:44:36.113+05:00  INFO DESKTOP-P4QH9DC 7664 --- [main] j.LocalContainerEntityManagerFactoryBean : Initialized JPA EntityManagerFactory for persistence unit 'default'
2023-08-24T09:44:36.457+05:00  WARN DESKTOP-P4QH9DC 7664 --- [main] JpaBaseConfiguration$JpaWebConfiguration : spring.jpa.open-in-view is enabled by default. Therefore, database queries may be performed during view rendering. Explicitly configure spring.jpa.open-in-view to disable this warning
2023-08-24T09:44:36.624+05:00  INFO DESKTOP-P4QH9DC 7664 --- [main] o.s.b.a.w.s.WelcomePageHandlerMapping    : Adding welcome page: class path resource [static/index.html]
2023-08-24T09:44:36.922+05:00  INFO DESKTOP-P4QH9DC 7664 --- [main] o.s.b.w.embedded.tomcat.TomcatWebServer  : Tomcat started on port(s): 9080 (http) with context path ''
2023-08-24T09:44:36.936+05:00  INFO DESKTOP-P4QH9DC 7664 --- [main] com.redmath.news.Application             : Started Application in 5.281 seconds (process running for 5.711)
2023-08-24T09:44:40.844+05:00  INFO DESKTOP-P4QH9DC 7664 --- [http-nio-9080-exec-1] o.a.c.c.C.[Tomcat].[localhost].[/]       : Initializing Spring DispatcherServlet 'dispatcherServlet'
2023-08-24T09:44:40.845+05:00  INFO DESKTOP-P4QH9DC 7664 --- [http-nio-9080-exec-1] o.s.web.servlet.DispatcherServlet        : Initializing Servlet 'dispatcherServlet'
2023-08-24T09:44:40.847+05:00  INFO DESKTOP-P4QH9DC 7664 --- [http-nio-9080-exec-1] o.s.web.servlet.DispatcherServlet        : Completed initialization in 1 ms
2023-08-24T09:44:40.886+05:00 DEBUG DESKTOP-P4QH9DC 7664 --- [http-nio-9080-exec-1] com.redmath.news.core.NewsService        : Finding All
2023-08-24T09:44:41.037+05:00 DEBUG DESKTOP-P4QH9DC 7664 --- [http-nio-9080-exec-1] org.hibernate.SQL                        : select n1_0.id,n1_0.details,n1_0.reported_at,n1_0.tags,n1_0.title from news n1_0
2023-08-24T09:44:41.109+05:00 DEBUG DESKTOP-P4QH9DC 7664 --- [http-nio-9080-exec-2] com.redmath.news.core.NewsService        : Finding All
2023-08-24T09:44:41.114+05:00 DEBUG DESKTOP-P4QH9DC 7664 --- [http-nio-9080-exec-2] org.hibernate.SQL                        : select n1_0.id,n1_0.details,n1_0.reported_at,n1_0.tags,n1_0.title from news n1_0
2023-08-24T09:44:41.284+05:00 DEBUG DESKTOP-P4QH9DC 7664 --- [http-nio-9080-exec-3] com.redmath.news.core.NewsService        : Finding All
2023-08-24T09:44:41.285+05:00 DEBUG DESKTOP-P4QH9DC 7664 --- [http-nio-9080-exec-3] org.hibernate.SQL                        : select n1_0.id,n1_0.details,n1_0.reported_at,n1_0.tags,n1_0.title from news n1_0
2023-08-24T09:44:41.425+05:00 DEBUG DESKTOP-P4QH9DC 7664 --- [http-nio-9080-exec-4] com.redmath.news.core.NewsService        : Finding All
2023-08-24T09:44:41.428+05:00 DEBUG DESKTOP-P4QH9DC 7664 --- [http-nio-9080-exec-4] org.hibernate.SQL                        : select n1_0.id,n1_0.details,n1_0.reported_at,n1_0.tags,n1_0.title from news n1_0
2023-08-24T09:44:42.099+05:00 DEBUG DESKTOP-P4QH9DC 7664 --- [http-nio-9080-exec-5] com.redmath.news.core.NewsService        : Finding All
2023-08-24T09:44:42.100+05:00 DEBUG DESKTOP-P4QH9DC 7664 --- [http-nio-9080-exec-5] org.hibernate.SQL                        : select n1_0.id,n1_0.details,n1_0.reported_at,n1_0.tags,n1_0.title from news n1_0
2023-08-24T09:44:42.338+05:00 DEBUG DESKTOP-P4QH9DC 7664 --- [http-nio-9080-exec-6] com.redmath.news.core.NewsService        : Finding All
2023-08-24T09:44:42.339+05:00 DEBUG DESKTOP-P4QH9DC 7664 --- [http-nio-9080-exec-6] org.hibernate.SQL                        : select n1_0.id,n1_0.details,n1_0.reported_at,n1_0.tags,n1_0.title from news n1_0
2023-08-24T09:44:46.687+05:00  INFO DESKTOP-P4QH9DC 7664 --- [SpringApplicationShutdownHook] j.LocalContainerEntityManagerFactoryBean : Closing JPA EntityManagerFactory for persistence unit 'default'
2023-08-24T09:44:46.688+05:00  INFO DESKTOP-P4QH9DC 7664 --- [SpringApplicationShutdownHook] com.zaxxer.hikari.HikariDataSource       : HikariPool-1 - Shutdown initiated...
2023-08-24T09:44:46.690+05:00  INFO DESKTOP-P4QH9DC 7664 --- [SpringApplicationShutdownHook] com.zaxxer.hikari.HikariDataSource       : HikariPool-1 - Shutdown completed.
2023-08-24T09:45:54.391+05:00  INFO DESKTOP-P4QH9DC 4852 --- [main] com.redmath.news.Application             : Starting Application using Java 20.0.2 with PID 4852 (D:\New folder\lecture_3\target\classes started by laiba.ahmad in D:\New folder\lecture_3)
2023-08-24T09:45:54.392+05:00 DEBUG DESKTOP-P4QH9DC 4852 --- [main] com.redmath.news.Application             : Running with Spring Boot v3.1.2, Spring v6.0.11
2023-08-24T09:45:54.393+05:00  INFO DESKTOP-P4QH9DC 4852 --- [main] com.redmath.news.Application             : The following 1 profile is active: "dev"
2023-08-24T09:45:55.296+05:00  INFO DESKTOP-P4QH9DC 4852 --- [main] .s.d.r.c.RepositoryConfigurationDelegate : Bootstrapping Spring Data JPA repositories in DEFAULT mode.
2023-08-24T09:45:55.367+05:00  INFO DESKTOP-P4QH9DC 4852 --- [main] .s.d.r.c.RepositoryConfigurationDelegate : Finished Spring Data repository scanning in 62 ms. Found 1 JPA repository interfaces.
2023-08-24T09:45:56.355+05:00  INFO DESKTOP-P4QH9DC 4852 --- [main] o.s.b.w.embedded.tomcat.TomcatWebServer  : Tomcat initialized with port(s): 9080 (http)
2023-08-24T09:45:56.492+05:00  INFO DESKTOP-P4QH9DC 4852 --- [main] w.s.c.ServletWebServerApplicationContext : Root WebApplicationContext: initialization completed in 2014 ms
2023-08-24T09:45:56.542+05:00  INFO DESKTOP-P4QH9DC 4852 --- [main] com.zaxxer.hikari.HikariDataSource       : HikariPool-1 - Starting...
2023-08-24T09:45:56.760+05:00  INFO DESKTOP-P4QH9DC 4852 --- [main] com.zaxxer.hikari.pool.HikariPool        : HikariPool-1 - Added connection conn0: url=jdbc:h2:mem:news user=SA
2023-08-24T09:45:56.762+05:00  INFO DESKTOP-P4QH9DC 4852 --- [main] com.zaxxer.hikari.HikariDataSource       : HikariPool-1 - Start completed.
2023-08-24T09:45:56.774+05:00  INFO DESKTOP-P4QH9DC 4852 --- [main] o.s.b.a.h2.H2ConsoleAutoConfiguration    : H2 console available at '/h2-console'. Database available at 'jdbc:h2:mem:news'
2023-08-24T09:45:57.622+05:00  INFO DESKTOP-P4QH9DC 4852 --- [main] o.hibernate.jpa.internal.util.LogHelper  : HHH000204: Processing PersistenceUnitInfo [name: default]
2023-08-24T09:45:57.680+05:00  INFO DESKTOP-P4QH9DC 4852 --- [main] org.hibernate.Version                    : HHH000412: Hibernate ORM core version 6.2.6.Final
2023-08-24T09:45:57.682+05:00  INFO DESKTOP-P4QH9DC 4852 --- [main] org.hibernate.cfg.Environment            : HHH000406: Using bytecode reflection optimizer
2023-08-24T09:45:57.945+05:00  INFO DESKTOP-P4QH9DC 4852 --- [main] o.h.b.i.BytecodeProviderInitiator        : HHH000021: Bytecode provider name : bytebuddy
2023-08-24T09:45:58.101+05:00  INFO DESKTOP-P4QH9DC 4852 --- [main] o.s.o.j.p.SpringPersistenceUnitInfo      : No LoadTimeWeaver setup: ignoring JPA class transformer
2023-08-24T09:45:58.344+05:00  INFO DESKTOP-P4QH9DC 4852 --- [main] o.h.b.i.BytecodeProviderInitiator        : HHH000021: Bytecode provider name : bytebuddy
2023-08-24T09:45:59.009+05:00  INFO DESKTOP-P4QH9DC 4852 --- [main] o.h.e.t.j.p.i.JtaPlatformInitiator       : HHH000490: Using JtaPlatform implementation: [org.hibernate.engine.transaction.jta.platform.internal.NoJtaPlatform]
2023-08-24T09:45:59.012+05:00  INFO DESKTOP-P4QH9DC 4852 --- [main] j.LocalContainerEntityManagerFactoryBean : Initialized JPA EntityManagerFactory for persistence unit 'default'
2023-08-24T09:45:59.439+05:00  WARN DESKTOP-P4QH9DC 4852 --- [main] JpaBaseConfiguration$JpaWebConfiguration : spring.jpa.open-in-view is enabled by default. Therefore, database queries may be performed during view rendering. Explicitly configure spring.jpa.open-in-view to disable this warning
2023-08-24T09:45:59.731+05:00  INFO DESKTOP-P4QH9DC 4852 --- [main] o.s.b.a.w.s.WelcomePageHandlerMapping    : Adding welcome page: class path resource [static/index.html]
2023-08-24T09:45:59.987+05:00  INFO DESKTOP-P4QH9DC 4852 --- [main] o.s.b.w.embedded.tomcat.TomcatWebServer  : Tomcat started on port(s): 9080 (http) with context path ''
2023-08-24T09:45:59.997+05:00  INFO DESKTOP-P4QH9DC 4852 --- [main] com.redmath.news.Application             : Started Application in 6.323 seconds (process running for 6.93)
2023-08-24T09:46:00.018+05:00  INFO DESKTOP-P4QH9DC 4852 --- [SpringApplicationShutdownHook] j.LocalContainerEntityManagerFactoryBean : Closing JPA EntityManagerFactory for persistence unit 'default'
2023-08-24T09:46:00.021+05:00  INFO DESKTOP-P4QH9DC 4852 --- [SpringApplicationShutdownHook] com.zaxxer.hikari.HikariDataSource       : HikariPool-1 - Shutdown initiated...
2023-08-24T09:46:00.025+05:00  INFO DESKTOP-P4QH9DC 4852 --- [SpringApplicationShutdownHook] com.zaxxer.hikari.HikariDataSource       : HikariPool-1 - Shutdown completed.
2023-08-24T09:46:14.110+05:00  INFO DESKTOP-P4QH9DC 13160 --- [main] com.redmath.news.Application             : Starting Application using Java 20.0.2 with PID 13160 (D:\New folder\lecture_3\target\classes started by laiba.ahmad in D:\New folder\lecture_3)
2023-08-24T09:46:14.118+05:00 DEBUG DESKTOP-P4QH9DC 13160 --- [main] com.redmath.news.Application             : Running with Spring Boot v3.1.2, Spring v6.0.11
2023-08-24T09:46:14.119+05:00  INFO DESKTOP-P4QH9DC 13160 --- [main] com.redmath.news.Application             : The following 1 profile is active: "dev"
2023-08-24T09:46:14.964+05:00  INFO DESKTOP-P4QH9DC 13160 --- [main] .s.d.r.c.RepositoryConfigurationDelegate : Bootstrapping Spring Data JPA repositories in DEFAULT mode.
2023-08-24T09:46:15.044+05:00  INFO DESKTOP-P4QH9DC 13160 --- [main] .s.d.r.c.RepositoryConfigurationDelegate : Finished Spring Data repository scanning in 63 ms. Found 1 JPA repository interfaces.
2023-08-24T09:46:15.822+05:00  INFO DESKTOP-P4QH9DC 13160 --- [main] o.s.b.w.embedded.tomcat.TomcatWebServer  : Tomcat initialized with port(s): 9080 (http)
2023-08-24T09:46:15.834+05:00  INFO DESKTOP-P4QH9DC 13160 --- [main] o.apache.catalina.core.StandardService   : Starting service [Tomcat]
2023-08-24T09:46:15.834+05:00  INFO DESKTOP-P4QH9DC 13160 --- [main] o.apache.catalina.core.StandardEngine    : Starting Servlet engine: [Apache Tomcat/10.1.11]
2023-08-24T09:46:15.951+05:00  INFO DESKTOP-P4QH9DC 13160 --- [main] o.a.c.c.C.[Tomcat].[localhost].[/]       : Initializing Spring embedded WebApplicationContext
2023-08-24T09:46:15.951+05:00  INFO DESKTOP-P4QH9DC 13160 --- [main] w.s.c.ServletWebServerApplicationContext : Root WebApplicationContext: initialization completed in 1748 ms
2023-08-24T09:46:15.990+05:00  INFO DESKTOP-P4QH9DC 13160 --- [main] com.zaxxer.hikari.HikariDataSource       : HikariPool-1 - Starting...
2023-08-24T09:46:16.234+05:00  INFO DESKTOP-P4QH9DC 13160 --- [main] com.zaxxer.hikari.pool.HikariPool        : HikariPool-1 - Added connection conn0: url=jdbc:h2:mem:news user=SA
2023-08-24T09:46:16.235+05:00  INFO DESKTOP-P4QH9DC 13160 --- [main] com.zaxxer.hikari.HikariDataSource       : HikariPool-1 - Start completed.
2023-08-24T09:46:16.250+05:00  INFO DESKTOP-P4QH9DC 13160 --- [main] o.s.b.a.h2.H2ConsoleAutoConfiguration    : H2 console available at '/h2-console'. Database available at 'jdbc:h2:mem:news'
2023-08-24T09:46:16.469+05:00  INFO DESKTOP-P4QH9DC 13160 --- [main] liquibase.database                       : Set default schema name to PUBLIC
2023-08-24T09:46:16.971+05:00  INFO DESKTOP-P4QH9DC 13160 --- [main] liquibase.executor                       : Changelog query completed.
2023-08-24T09:46:16.975+05:00  INFO DESKTOP-P4QH9DC 13160 --- [main] liquibase.executor                       : Changelog query completed.
2023-08-24T09:46:16.984+05:00  INFO DESKTOP-P4QH9DC 13160 --- [main] liquibase.executor                       : Changelog query completed.
2023-08-24T09:46:16.987+05:00  INFO DESKTOP-P4QH9DC 13160 --- [main] liquibase.executor                       : Changelog query completed.
2023-08-24T09:46:16.996+05:00  INFO DESKTOP-P4QH9DC 13160 --- [main] liquibase.executor                       : Changelog query completed.
2023-08-24T09:46:16.996+05:00  INFO DESKTOP-P4QH9DC 13160 --- [main] liquibase.lockservice                    : Successfully acquired change log lock
2023-08-24T09:46:17.017+05:00  INFO DESKTOP-P4QH9DC 13160 --- [main] liquibase.changelog                      : Creating database history table with name: PUBLIC.DATABASECHANGELOG
2023-08-24T09:46:17.021+05:00  INFO DESKTOP-P4QH9DC 13160 --- [main] liquibase.executor                       : Changelog query completed.
2023-08-24T09:46:17.023+05:00  INFO DESKTOP-P4QH9DC 13160 --- [main] liquibase.changelog                      : Reading from PUBLIC.DATABASECHANGELOG
2023-08-24T09:46:17.028+05:00  INFO DESKTOP-P4QH9DC 13160 --- [main] liquibase.executor                       : Changelog query completed.
2023-08-24T09:46:17.030+05:00  INFO DESKTOP-P4QH9DC 13160 --- [main] liquibase.executor                       : Changelog query completed.
2023-08-24T09:46:17.097+05:00  INFO DESKTOP-P4QH9DC 13160 --- [main] liquibase.changelog                      : Table News created
2023-08-24T09:46:17.100+05:00  INFO DESKTOP-P4QH9DC 13160 --- [main] liquibase.changelog                      : Primary key added to News (id)
2023-08-24T09:46:17.102+05:00  INFO DESKTOP-P4QH9DC 13160 --- [main] liquibase.changelog                      : Index news_ix_01 created
2023-08-24T09:46:17.103+05:00  INFO DESKTOP-P4QH9DC 13160 --- [main] liquibase.changelog                      : ChangeSet db/changelog/db.changelog-schema-0.0.1.yaml::schema-0.0.1::News team ran successfully in 13ms
2023-08-24T09:46:17.106+05:00  INFO DESKTOP-P4QH9DC 13160 --- [main] liquibase.executor                       : Changelog query completed.
2023-08-24T09:46:17.108+05:00  INFO DESKTOP-P4QH9DC 13160 --- [main] liquibase.executor                       : Changelog query completed.
2023-08-24T09:46:17.113+05:00  INFO DESKTOP-P4QH9DC 13160 --- [main] liquibase.changelog                      : New row inserted into News
2023-08-24T09:46:17.115+05:00  INFO DESKTOP-P4QH9DC 13160 --- [main] liquibase.changelog                      : New row inserted into News
2023-08-24T09:46:17.115+05:00  INFO DESKTOP-P4QH9DC 13160 --- [main] liquibase.changelog                      : ChangeSet db/changelog/db.changelog-data-0.0.1.yaml::data-0.0.1::News team ran successfully in 5ms
2023-08-24T09:46:17.116+05:00  INFO DESKTOP-P4QH9DC 13160 --- [main] liquibase.executor                       : Changelog query completed.
2023-08-24T09:46:17.118+05:00  INFO DESKTOP-P4QH9DC 13160 --- [main] liquibase                                : Update command completed successfully.
2023-08-24T09:46:17.120+05:00  INFO DESKTOP-P4QH9DC 13160 --- [main] liquibase.executor                       : Changelog query completed.
2023-08-24T09:46:17.120+05:00  INFO DESKTOP-P4QH9DC 13160 --- [main] liquibase.lockservice                    : Successfully released change log lock
2023-08-24T09:46:17.283+05:00  INFO DESKTOP-P4QH9DC 13160 --- [main] o.hibernate.jpa.internal.util.LogHelper  : HHH000204: Processing PersistenceUnitInfo [name: default]
2023-08-24T09:46:17.375+05:00  INFO DESKTOP-P4QH9DC 13160 --- [main] org.hibernate.Version                    : HHH000412: Hibernate ORM core version 6.2.6.Final
2023-08-24T09:46:17.379+05:00  INFO DESKTOP-P4QH9DC 13160 --- [main] org.hibernate.cfg.Environment            : HHH000406: Using bytecode reflection optimizer
2023-08-24T09:46:17.582+05:00  INFO DESKTOP-P4QH9DC 13160 --- [main] o.h.b.i.BytecodeProviderInitiator        : HHH000021: Bytecode provider name : bytebuddy
2023-08-24T09:46:17.746+05:00  INFO DESKTOP-P4QH9DC 13160 --- [main] o.s.o.j.p.SpringPersistenceUnitInfo      : No LoadTimeWeaver setup: ignoring JPA class transformer
2023-08-24T09:46:18.002+05:00  INFO DESKTOP-P4QH9DC 13160 --- [main] o.h.b.i.BytecodeProviderInitiator        : HHH000021: Bytecode provider name : bytebuddy
2023-08-24T09:46:18.654+05:00  INFO DESKTOP-P4QH9DC 13160 --- [main] o.h.e.t.j.p.i.JtaPlatformInitiator       : HHH000490: Using JtaPlatform implementation: [org.hibernate.engine.transaction.jta.platform.internal.NoJtaPlatform]
2023-08-24T09:46:18.665+05:00  INFO DESKTOP-P4QH9DC 13160 --- [main] j.LocalContainerEntityManagerFactoryBean : Initialized JPA EntityManagerFactory for persistence unit 'default'
2023-08-24T09:46:19.040+05:00  WARN DESKTOP-P4QH9DC 13160 --- [main] JpaBaseConfiguration$JpaWebConfiguration : spring.jpa.open-in-view is enabled by default. Therefore, database queries may be performed during view rendering. Explicitly configure spring.jpa.open-in-view to disable this warning
2023-08-24T09:46:19.209+05:00  INFO DESKTOP-P4QH9DC 13160 --- [main] o.s.b.a.w.s.WelcomePageHandlerMapping    : Adding welcome page: class path resource [static/index.html]
2023-08-24T09:46:19.455+05:00  INFO DESKTOP-P4QH9DC 13160 --- [main] o.s.b.w.embedded.tomcat.TomcatWebServer  : Tomcat started on port(s): 9080 (http) with context path ''
2023-08-24T09:46:19.469+05:00  INFO DESKTOP-P4QH9DC 13160 --- [main] com.redmath.news.Application             : Started Application in 6.015 seconds (process running for 6.574)
2023-08-24T09:46:35.197+05:00  INFO DESKTOP-P4QH9DC 13160 --- [http-nio-9080-exec-1] o.a.c.c.C.[Tomcat].[localhost].[/]       : Initializing Spring DispatcherServlet 'dispatcherServlet'
2023-08-24T09:46:35.197+05:00  INFO DESKTOP-P4QH9DC 13160 --- [http-nio-9080-exec-1] o.s.web.servlet.DispatcherServlet        : Initializing Servlet 'dispatcherServlet'
2023-08-24T09:46:35.198+05:00  INFO DESKTOP-P4QH9DC 13160 --- [http-nio-9080-exec-1] o.s.web.servlet.DispatcherServlet        : Completed initialization in 1 ms
2023-08-24T09:46:35.241+05:00 DEBUG DESKTOP-P4QH9DC 13160 --- [http-nio-9080-exec-1] com.redmath.news.core.NewsService        : Finding All
2023-08-24T09:46:35.357+05:00 DEBUG DESKTOP-P4QH9DC 13160 --- [http-nio-9080-exec-1] org.hibernate.SQL                        : select n1_0.id,n1_0.details,n1_0.reported_at,n1_0.tags,n1_0.title from news n1_0
2023-08-24T09:46:39.823+05:00  INFO DESKTOP-P4QH9DC 13160 --- [SpringApplicationShutdownHook] j.LocalContainerEntityManagerFactoryBean : Closing JPA EntityManagerFactory for persistence unit 'default'
2023-08-24T09:46:39.825+05:00  INFO DESKTOP-P4QH9DC 13160 --- [SpringApplicationShutdownHook] com.zaxxer.hikari.HikariDataSource       : HikariPool-1 - Shutdown initiated...
2023-08-24T09:46:39.827+05:00  INFO DESKTOP-P4QH9DC 13160 --- [SpringApplicationShutdownHook] com.zaxxer.hikari.HikariDataSource       : HikariPool-1 - Shutdown completed.
