2023-08-28T09:22:02.015+05:00  INFO DESKTOP-P4QH9DC 10080 --- [main] com.redmath.news.Application             : Starting Application using Java 20.0.2 with PID 10080 (D:\New folder\LECTURE_5\target\classes started by laiba.ahmad in D:\New folder\LECTURE_5)
2023-08-28T09:22:02.024+05:00 DEBUG DESKTOP-P4QH9DC 10080 --- [main] com.redmath.news.Application             : Running with Spring Boot v3.1.2, Spring v6.0.11
2023-08-28T09:22:02.026+05:00  INFO DESKTOP-P4QH9DC 10080 --- [main] com.redmath.news.Application             : The following 1 profile is active: "dev"
2023-08-28T09:22:04.103+05:00  INFO DESKTOP-P4QH9DC 10080 --- [main] .s.d.r.c.RepositoryConfigurationDelegate : Bootstrapping Spring Data JPA repositories in DEFAULT mode.
2023-08-28T09:22:04.261+05:00  INFO DESKTOP-P4QH9DC 10080 --- [main] .s.d.r.c.RepositoryConfigurationDelegate : Finished Spring Data repository scanning in 138 ms. Found 2 JPA repository interfaces.
2023-08-28T09:22:05.480+05:00  INFO DESKTOP-P4QH9DC 10080 --- [main] o.s.b.w.embedded.tomcat.TomcatWebServer  : Tomcat initialized with port(s): 9080 (http)
2023-08-28T09:22:05.493+05:00  INFO DESKTOP-P4QH9DC 10080 --- [main] o.apache.catalina.core.StandardService   : Starting service [Tomcat]
2023-08-28T09:22:05.493+05:00  INFO DESKTOP-P4QH9DC 10080 --- [main] o.apache.catalina.core.StandardEngine    : Starting Servlet engine: [Apache Tomcat/10.1.11]
2023-08-28T09:22:05.625+05:00  INFO DESKTOP-P4QH9DC 10080 --- [main] o.a.c.c.C.[Tomcat].[localhost].[/]       : Initializing Spring embedded WebApplicationContext
2023-08-28T09:22:05.626+05:00  INFO DESKTOP-P4QH9DC 10080 --- [main] w.s.c.ServletWebServerApplicationContext : Root WebApplicationContext: initialization completed in 3532 ms
2023-08-28T09:22:05.847+05:00  INFO DESKTOP-P4QH9DC 10080 --- [main] com.zaxxer.hikari.HikariDataSource       : HikariPool-1 - Starting...
2023-08-28T09:22:06.240+05:00  INFO DESKTOP-P4QH9DC 10080 --- [main] com.zaxxer.hikari.pool.HikariPool        : HikariPool-1 - Added connection conn0: url=jdbc:h2:mem:news user=SA
2023-08-28T09:22:06.243+05:00  INFO DESKTOP-P4QH9DC 10080 --- [main] com.zaxxer.hikari.HikariDataSource       : HikariPool-1 - Start completed.
2023-08-28T09:22:06.309+05:00  INFO DESKTOP-P4QH9DC 10080 --- [main] o.s.b.a.h2.H2ConsoleAutoConfiguration    : H2 console available at '/h2-console'. Database available at 'jdbc:h2:mem:news'
2023-08-28T09:22:06.940+05:00  INFO DESKTOP-P4QH9DC 10080 --- [main] liquibase.database                       : Set default schema name to PUBLIC
2023-08-28T09:22:08.096+05:00  INFO DESKTOP-P4QH9DC 10080 --- [main] liquibase.executor                       : Changelog query completed.
2023-08-28T09:22:08.099+05:00  INFO DESKTOP-P4QH9DC 10080 --- [main] liquibase.executor                       : Changelog query completed.
2023-08-28T09:22:08.105+05:00  INFO DESKTOP-P4QH9DC 10080 --- [main] liquibase.executor                       : Changelog query completed.
2023-08-28T09:22:08.108+05:00  INFO DESKTOP-P4QH9DC 10080 --- [main] liquibase.executor                       : Changelog query completed.
2023-08-28T09:22:08.114+05:00  INFO DESKTOP-P4QH9DC 10080 --- [main] liquibase.executor                       : Changelog query completed.
2023-08-28T09:22:08.114+05:00  INFO DESKTOP-P4QH9DC 10080 --- [main] liquibase.lockservice                    : Successfully acquired change log lock
2023-08-28T09:22:08.131+05:00  INFO DESKTOP-P4QH9DC 10080 --- [main] liquibase.changelog                      : Creating database history table with name: PUBLIC.DATABASECHANGELOG
2023-08-28T09:22:08.136+05:00  INFO DESKTOP-P4QH9DC 10080 --- [main] liquibase.executor                       : Changelog query completed.
2023-08-28T09:22:08.138+05:00  INFO DESKTOP-P4QH9DC 10080 --- [main] liquibase.changelog                      : Reading from PUBLIC.DATABASECHANGELOG
2023-08-28T09:22:08.141+05:00  INFO DESKTOP-P4QH9DC 10080 --- [main] liquibase.executor                       : Changelog query completed.
2023-08-28T09:22:08.143+05:00  INFO DESKTOP-P4QH9DC 10080 --- [main] liquibase.executor                       : Changelog query completed.
2023-08-28T09:22:08.211+05:00  INFO DESKTOP-P4QH9DC 10080 --- [main] liquibase.changelog                      : Table News created
2023-08-28T09:22:08.213+05:00  INFO DESKTOP-P4QH9DC 10080 --- [main] liquibase.changelog                      : Primary key added to News (id)
2023-08-28T09:22:08.217+05:00  INFO DESKTOP-P4QH9DC 10080 --- [main] liquibase.changelog                      : Index news_ix_01 created
2023-08-28T09:22:08.217+05:00  INFO DESKTOP-P4QH9DC 10080 --- [main] liquibase.changelog                      : ChangeSet db/changelog/db.changelog-schema-0.0.1.yaml::schema-0.0.1::News team ran successfully in 9ms
2023-08-28T09:22:08.221+05:00  INFO DESKTOP-P4QH9DC 10080 --- [main] liquibase.executor                       : Changelog query completed.
2023-08-28T09:22:08.222+05:00  INFO DESKTOP-P4QH9DC 10080 --- [main] liquibase.executor                       : Changelog query completed.
2023-08-28T09:22:08.226+05:00  INFO DESKTOP-P4QH9DC 10080 --- [main] liquibase.changelog                      : New row inserted into News
2023-08-28T09:22:08.228+05:00  INFO DESKTOP-P4QH9DC 10080 --- [main] liquibase.changelog                      : New row inserted into News
2023-08-28T09:22:08.229+05:00  INFO DESKTOP-P4QH9DC 10080 --- [main] liquibase.changelog                      : ChangeSet db/changelog/db.changelog-data-0.0.1.yaml::data-0.0.1::News team ran successfully in 4ms
2023-08-28T09:22:08.230+05:00  INFO DESKTOP-P4QH9DC 10080 --- [main] liquibase.executor                       : Changelog query completed.
2023-08-28T09:22:08.236+05:00  INFO DESKTOP-P4QH9DC 10080 --- [main] liquibase.changelog                      : Table users created
2023-08-28T09:22:08.237+05:00  INFO DESKTOP-P4QH9DC 10080 --- [main] liquibase.changelog                      : Primary key added to users (id)
2023-08-28T09:22:08.240+05:00  INFO DESKTOP-P4QH9DC 10080 --- [main] liquibase.changelog                      : Unique constraint added to users(user_name)
2023-08-28T09:22:08.241+05:00  INFO DESKTOP-P4QH9DC 10080 --- [main] liquibase.changelog                      : ChangeSet db/changelog/db.changelog-schema-0.0.2.yaml::schema-0.0.2::news team ran successfully in 8ms
2023-08-28T09:22:08.242+05:00  INFO DESKTOP-P4QH9DC 10080 --- [main] liquibase.executor                       : Changelog query completed.
2023-08-28T09:22:08.247+05:00  INFO DESKTOP-P4QH9DC 10080 --- [main] liquibase.changelog                      : New row inserted into users
2023-08-28T09:22:08.248+05:00  INFO DESKTOP-P4QH9DC 10080 --- [main] liquibase.changelog                      : New row inserted into users
2023-08-28T09:22:08.249+05:00  INFO DESKTOP-P4QH9DC 10080 --- [main] liquibase.changelog                      : ChangeSet db/changelog/db.changelog-data-0.0.2.yaml::data-0.0.2::news team ran successfully in 5ms
2023-08-28T09:22:08.251+05:00  INFO DESKTOP-P4QH9DC 10080 --- [main] liquibase.executor                       : Changelog query completed.
2023-08-28T09:22:08.259+05:00  INFO DESKTOP-P4QH9DC 10080 --- [main] liquibase                                : Update command completed successfully.
2023-08-28T09:22:08.261+05:00  INFO DESKTOP-P4QH9DC 10080 --- [main] liquibase.executor                       : Changelog query completed.
2023-08-28T09:22:08.262+05:00  INFO DESKTOP-P4QH9DC 10080 --- [main] liquibase.lockservice                    : Successfully released change log lock
2023-08-28T09:22:08.521+05:00  INFO DESKTOP-P4QH9DC 10080 --- [main] o.hibernate.jpa.internal.util.LogHelper  : HHH000204: Processing PersistenceUnitInfo [name: default]
2023-08-28T09:22:08.582+05:00  INFO DESKTOP-P4QH9DC 10080 --- [main] org.hibernate.Version                    : HHH000412: Hibernate ORM core version 6.2.6.Final
2023-08-28T09:22:08.584+05:00  INFO DESKTOP-P4QH9DC 10080 --- [main] org.hibernate.cfg.Environment            : HHH000406: Using bytecode reflection optimizer
2023-08-28T09:22:08.840+05:00  INFO DESKTOP-P4QH9DC 10080 --- [main] o.h.b.i.BytecodeProviderInitiator        : HHH000021: Bytecode provider name : bytebuddy
2023-08-28T09:22:09.018+05:00  INFO DESKTOP-P4QH9DC 10080 --- [main] o.s.o.j.p.SpringPersistenceUnitInfo      : No LoadTimeWeaver setup: ignoring JPA class transformer
2023-08-28T09:22:09.246+05:00  INFO DESKTOP-P4QH9DC 10080 --- [main] o.h.b.i.BytecodeProviderInitiator        : HHH000021: Bytecode provider name : bytebuddy
2023-08-28T09:22:10.009+05:00  INFO DESKTOP-P4QH9DC 10080 --- [main] o.h.e.t.j.p.i.JtaPlatformInitiator       : HHH000490: Using JtaPlatform implementation: [org.hibernate.engine.transaction.jta.platform.internal.NoJtaPlatform]
2023-08-28T09:22:10.014+05:00  INFO DESKTOP-P4QH9DC 10080 --- [main] j.LocalContainerEntityManagerFactoryBean : Initialized JPA EntityManagerFactory for persistence unit 'default'
2023-08-28T09:22:10.463+05:00  INFO DESKTOP-P4QH9DC 10080 --- [main] o.s.d.j.r.query.QueryEnhancerFactory     : Hibernate is in classpath; If applicable, HQL parser will be used.
2023-08-28T09:22:11.115+05:00  WARN DESKTOP-P4QH9DC 10080 --- [main] JpaBaseConfiguration$JpaWebConfiguration : spring.jpa.open-in-view is enabled by default. Therefore, database queries may be performed during view rendering. Explicitly configure spring.jpa.open-in-view to disable this warning
2023-08-28T09:22:11.296+05:00  INFO DESKTOP-P4QH9DC 10080 --- [main] o.s.b.a.w.s.WelcomePageHandlerMapping    : Adding welcome page: class path resource [static/index.html]
2023-08-28T09:22:12.241+05:00  INFO DESKTOP-P4QH9DC 10080 --- [main] o.s.b.a.e.web.EndpointLinksResolver      : Exposing 1 endpoint(s) beneath base path '/actuator'
2023-08-28T09:22:12.268+05:00  INFO DESKTOP-P4QH9DC 10080 --- [main] o.s.s.web.DefaultSecurityFilterChain     : Will secure any request with [org.springframework.security.web.session.DisableEncodeUrlFilter@5f36ba0f, org.springframework.security.web.context.request.async.WebAsyncManagerIntegrationFilter@70c741be, org.springframework.security.web.context.SecurityContextHolderFilter@533d28aa, org.springframework.security.web.header.HeaderWriterFilter@72a4f3f, org.springframework.web.filter.CorsFilter@611d867, org.springframework.security.web.csrf.CsrfFilter@4691e2f5, org.springframework.security.web.authentication.logout.LogoutFilter@294a150c, org.springframework.security.web.authentication.UsernamePasswordAuthenticationFilter@b7b5e7, org.springframework.security.web.authentication.ui.DefaultLoginPageGeneratingFilter@5ee63d9, org.springframework.security.web.authentication.ui.DefaultLogoutPageGeneratingFilter@5efb7f82, org.springframework.security.web.authentication.www.BasicAuthenticationFilter@446d7669, org.springframework.security.web.savedrequest.RequestCacheAwareFilter@4c97e3d5, org.springframework.security.web.servletapi.SecurityContextHolderAwareRequestFilter@76c5599b, org.springframework.security.web.authentication.AnonymousAuthenticationFilter@34775090, org.springframework.security.web.access.ExceptionTranslationFilter@6b351a54, org.springframework.security.web.access.intercept.AuthorizationFilter@2b1aa390]
2023-08-28T09:22:12.582+05:00  INFO DESKTOP-P4QH9DC 10080 --- [main] o.s.b.w.embedded.tomcat.TomcatWebServer  : Tomcat started on port(s): 9080 (http) with context path ''
2023-08-28T09:22:12.605+05:00  INFO DESKTOP-P4QH9DC 10080 --- [main] com.redmath.news.Application             : Started Application in 11.379 seconds (process running for 12.09)
2023-08-28T09:22:20.169+05:00  INFO DESKTOP-P4QH9DC 10080 --- [http-nio-9080-exec-1] o.a.c.c.C.[Tomcat].[localhost].[/]       : Initializing Spring DispatcherServlet 'dispatcherServlet'
2023-08-28T09:22:20.169+05:00  INFO DESKTOP-P4QH9DC 10080 --- [http-nio-9080-exec-1] o.s.web.servlet.DispatcherServlet        : Initializing Servlet 'dispatcherServlet'
2023-08-28T09:22:20.174+05:00  INFO DESKTOP-P4QH9DC 10080 --- [http-nio-9080-exec-1] o.s.web.servlet.DispatcherServlet        : Completed initialization in 5 ms
2023-08-28T09:22:23.151+05:00 DEBUG DESKTOP-P4QH9DC 10080 --- [http-nio-9080-exec-3] org.hibernate.SQL                        : select u1_0.id,u1_0.login_at,u1_0.login_attempts,u1_0.password,u1_0.roles,u1_0.status,u1_0.user_name from users u1_0 where u1_0.user_name=?
2023-08-28T09:22:23.210+05:00 DEBUG DESKTOP-P4QH9DC 10080 --- [http-nio-9080-exec-4] com.redmath.news.core.NewsService        : Finding All
2023-08-28T09:22:23.226+05:00 DEBUG DESKTOP-P4QH9DC 10080 --- [http-nio-9080-exec-4] org.hibernate.SQL                        : select n1_0.id,n1_0.details,n1_0.reported_at,n1_0.tags,n1_0.title from news n1_0
2023-08-28T09:23:32.609+05:00  WARN DESKTOP-P4QH9DC 10080 --- [http-nio-9080-exec-6] .w.s.m.s.DefaultHandlerExceptionResolver : Resolved [org.springframework.web.method.annotation.MethodArgumentTypeMismatchException: Failed to convert value of type 'java.lang.String' to required type 'java.lang.Long'; For input string: "actuator"]
2023-08-28T09:24:13.411+05:00 DEBUG DESKTOP-P4QH9DC 10080 --- [http-nio-9080-exec-1] com.redmath.news.core.NewsService        : Finding All
2023-08-28T09:24:13.413+05:00 DEBUG DESKTOP-P4QH9DC 10080 --- [http-nio-9080-exec-1] org.hibernate.SQL                        : select n1_0.id,n1_0.details,n1_0.reported_at,n1_0.tags,n1_0.title from news n1_0
2023-08-28T09:25:41.575+05:00 DEBUG DESKTOP-P4QH9DC 10080 --- [http-nio-9080-exec-4] com.redmath.news.core.NewsService        : Finding All
2023-08-28T09:25:41.577+05:00 DEBUG DESKTOP-P4QH9DC 10080 --- [http-nio-9080-exec-4] org.hibernate.SQL                        : select n1_0.id,n1_0.details,n1_0.reported_at,n1_0.tags,n1_0.title from news n1_0
2023-08-28T09:29:55.440+05:00  INFO DESKTOP-P4QH9DC 10080 --- [SpringApplicationShutdownHook] j.LocalContainerEntityManagerFactoryBean : Closing JPA EntityManagerFactory for persistence unit 'default'
2023-08-28T09:29:55.444+05:00  INFO DESKTOP-P4QH9DC 10080 --- [SpringApplicationShutdownHook] com.zaxxer.hikari.HikariDataSource       : HikariPool-1 - Shutdown initiated...
2023-08-28T09:29:55.446+05:00  INFO DESKTOP-P4QH9DC 10080 --- [SpringApplicationShutdownHook] com.zaxxer.hikari.HikariDataSource       : HikariPool-1 - Shutdown completed.
2023-08-28T09:32:18.885+05:00  INFO DESKTOP-P4QH9DC 15700 --- [main] com.redmath.news.Application             : Starting Application using Java 20.0.2 with PID 15700 (D:\New folder\LECTURE_5\target\classes started by laiba.ahmad in D:\New folder\LECTURE_5)
2023-08-28T09:32:18.888+05:00 DEBUG DESKTOP-P4QH9DC 15700 --- [main] com.redmath.news.Application             : Running with Spring Boot v3.1.2, Spring v6.0.11
2023-08-28T09:32:18.890+05:00  INFO DESKTOP-P4QH9DC 15700 --- [main] com.redmath.news.Application             : The following 1 profile is active: "dev"
2023-08-28T09:32:20.641+05:00  INFO DESKTOP-P4QH9DC 15700 --- [main] .s.d.r.c.RepositoryConfigurationDelegate : Bootstrapping Spring Data JPA repositories in DEFAULT mode.
2023-08-28T09:32:20.750+05:00  INFO DESKTOP-P4QH9DC 15700 --- [main] .s.d.r.c.RepositoryConfigurationDelegate : Finished Spring Data repository scanning in 97 ms. Found 2 JPA repository interfaces.
2023-08-28T09:32:21.933+05:00  INFO DESKTOP-P4QH9DC 15700 --- [main] o.s.b.w.embedded.tomcat.TomcatWebServer  : Tomcat initialized with port(s): 9080 (http)
2023-08-28T09:32:21.950+05:00  INFO DESKTOP-P4QH9DC 15700 --- [main] o.apache.catalina.core.StandardService   : Starting service [Tomcat]
2023-08-28T09:32:21.950+05:00  INFO DESKTOP-P4QH9DC 15700 --- [main] o.apache.catalina.core.StandardEngine    : Starting Servlet engine: [Apache Tomcat/10.1.11]
2023-08-28T09:32:22.185+05:00  INFO DESKTOP-P4QH9DC 15700 --- [main] o.a.c.c.C.[Tomcat].[localhost].[/]       : Initializing Spring embedded WebApplicationContext
2023-08-28T09:32:22.186+05:00  INFO DESKTOP-P4QH9DC 15700 --- [main] w.s.c.ServletWebServerApplicationContext : Root WebApplicationContext: initialization completed in 3222 ms
2023-08-28T09:32:22.362+05:00  INFO DESKTOP-P4QH9DC 15700 --- [main] com.zaxxer.hikari.HikariDataSource       : HikariPool-1 - Starting...
2023-08-28T09:32:22.730+05:00  INFO DESKTOP-P4QH9DC 15700 --- [main] com.zaxxer.hikari.pool.HikariPool        : HikariPool-1 - Added connection conn0: url=jdbc:h2:mem:news user=SA
2023-08-28T09:32:22.732+05:00  INFO DESKTOP-P4QH9DC 15700 --- [main] com.zaxxer.hikari.HikariDataSource       : HikariPool-1 - Start completed.
2023-08-28T09:32:22.777+05:00  INFO DESKTOP-P4QH9DC 15700 --- [main] o.s.b.a.h2.H2ConsoleAutoConfiguration    : H2 console available at '/h2-console'. Database available at 'jdbc:h2:mem:news'
2023-08-28T09:32:23.168+05:00  INFO DESKTOP-P4QH9DC 15700 --- [main] liquibase.database                       : Set default schema name to PUBLIC
2023-08-28T09:32:23.744+05:00  INFO DESKTOP-P4QH9DC 15700 --- [main] liquibase.executor                       : Changelog query completed.
2023-08-28T09:32:23.749+05:00  INFO DESKTOP-P4QH9DC 15700 --- [main] liquibase.executor                       : Changelog query completed.
2023-08-28T09:32:23.760+05:00  INFO DESKTOP-P4QH9DC 15700 --- [main] liquibase.executor                       : Changelog query completed.
2023-08-28T09:32:23.763+05:00  INFO DESKTOP-P4QH9DC 15700 --- [main] liquibase.executor                       : Changelog query completed.
2023-08-28T09:32:23.768+05:00  INFO DESKTOP-P4QH9DC 15700 --- [main] liquibase.executor                       : Changelog query completed.
2023-08-28T09:32:23.773+05:00  INFO DESKTOP-P4QH9DC 15700 --- [main] liquibase.lockservice                    : Successfully acquired change log lock
2023-08-28T09:32:23.794+05:00  INFO DESKTOP-P4QH9DC 15700 --- [main] liquibase.changelog                      : Creating database history table with name: PUBLIC.DATABASECHANGELOG
2023-08-28T09:32:23.815+05:00  INFO DESKTOP-P4QH9DC 15700 --- [main] liquibase.executor                       : Changelog query completed.
2023-08-28T09:32:23.816+05:00  INFO DESKTOP-P4QH9DC 15700 --- [main] liquibase.changelog                      : Reading from PUBLIC.DATABASECHANGELOG
2023-08-28T09:32:23.818+05:00  INFO DESKTOP-P4QH9DC 15700 --- [main] liquibase.executor                       : Changelog query completed.
2023-08-28T09:32:23.822+05:00  INFO DESKTOP-P4QH9DC 15700 --- [main] liquibase.executor                       : Changelog query completed.
2023-08-28T09:32:23.996+05:00  INFO DESKTOP-P4QH9DC 15700 --- [main] liquibase.changelog                      : Table News created
2023-08-28T09:32:24.000+05:00  INFO DESKTOP-P4QH9DC 15700 --- [main] liquibase.changelog                      : Primary key added to News (id)
2023-08-28T09:32:24.028+05:00  INFO DESKTOP-P4QH9DC 15700 --- [main] liquibase.changelog                      : Index news_ix_01 created
2023-08-28T09:32:24.030+05:00  INFO DESKTOP-P4QH9DC 15700 --- [main] liquibase.changelog                      : ChangeSet db/changelog/db.changelog-schema-0.0.1.yaml::schema-0.0.1::News team ran successfully in 68ms
2023-08-28T09:32:24.055+05:00  INFO DESKTOP-P4QH9DC 15700 --- [main] liquibase.executor                       : Changelog query completed.
2023-08-28T09:32:24.063+05:00  INFO DESKTOP-P4QH9DC 15700 --- [main] liquibase.executor                       : Changelog query completed.
2023-08-28T09:32:24.079+05:00  INFO DESKTOP-P4QH9DC 15700 --- [main] liquibase.changelog                      : New row inserted into News
2023-08-28T09:32:24.083+05:00  INFO DESKTOP-P4QH9DC 15700 --- [main] liquibase.changelog                      : New row inserted into News
2023-08-28T09:32:24.087+05:00  INFO DESKTOP-P4QH9DC 15700 --- [main] liquibase.changelog                      : ChangeSet db/changelog/db.changelog-data-0.0.1.yaml::data-0.0.1::News team ran successfully in 12ms
2023-08-28T09:32:24.110+05:00  INFO DESKTOP-P4QH9DC 15700 --- [main] liquibase.executor                       : Changelog query completed.
2023-08-28T09:32:24.121+05:00  INFO DESKTOP-P4QH9DC 15700 --- [main] liquibase.changelog                      : Table users created
2023-08-28T09:32:24.123+05:00  INFO DESKTOP-P4QH9DC 15700 --- [main] liquibase.changelog                      : Primary key added to users (id)
2023-08-28T09:32:24.127+05:00  INFO DESKTOP-P4QH9DC 15700 --- [main] liquibase.changelog                      : Unique constraint added to users(user_name)
2023-08-28T09:32:24.127+05:00  INFO DESKTOP-P4QH9DC 15700 --- [main] liquibase.changelog                      : ChangeSet db/changelog/db.changelog-schema-0.0.2.yaml::schema-0.0.2::news team ran successfully in 10ms
2023-08-28T09:32:24.129+05:00  INFO DESKTOP-P4QH9DC 15700 --- [main] liquibase.executor                       : Changelog query completed.
2023-08-28T09:32:24.133+05:00  INFO DESKTOP-P4QH9DC 15700 --- [main] liquibase.changelog                      : New row inserted into users
2023-08-28T09:32:24.135+05:00  INFO DESKTOP-P4QH9DC 15700 --- [main] liquibase.changelog                      : New row inserted into users
2023-08-28T09:32:24.136+05:00  INFO DESKTOP-P4QH9DC 15700 --- [main] liquibase.changelog                      : ChangeSet db/changelog/db.changelog-data-0.0.2.yaml::data-0.0.2::news team ran successfully in 4ms
2023-08-28T09:32:24.140+05:00  INFO DESKTOP-P4QH9DC 15700 --- [main] liquibase.executor                       : Changelog query completed.
2023-08-28T09:32:24.142+05:00  INFO DESKTOP-P4QH9DC 15700 --- [main] liquibase                                : Update command completed successfully.
2023-08-28T09:32:24.144+05:00  INFO DESKTOP-P4QH9DC 15700 --- [main] liquibase.executor                       : Changelog query completed.
2023-08-28T09:32:24.145+05:00  INFO DESKTOP-P4QH9DC 15700 --- [main] liquibase.lockservice                    : Successfully released change log lock
2023-08-28T09:32:24.382+05:00  INFO DESKTOP-P4QH9DC 15700 --- [main] o.hibernate.jpa.internal.util.LogHelper  : HHH000204: Processing PersistenceUnitInfo [name: default]
2023-08-28T09:32:24.499+05:00  INFO DESKTOP-P4QH9DC 15700 --- [main] org.hibernate.Version                    : HHH000412: Hibernate ORM core version 6.2.6.Final
2023-08-28T09:32:24.502+05:00  INFO DESKTOP-P4QH9DC 15700 --- [main] org.hibernate.cfg.Environment            : HHH000406: Using bytecode reflection optimizer
2023-08-28T09:32:24.939+05:00  INFO DESKTOP-P4QH9DC 15700 --- [main] o.h.b.i.BytecodeProviderInitiator        : HHH000021: Bytecode provider name : bytebuddy
2023-08-28T09:32:25.096+05:00  INFO DESKTOP-P4QH9DC 15700 --- [main] o.s.o.j.p.SpringPersistenceUnitInfo      : No LoadTimeWeaver setup: ignoring JPA class transformer
2023-08-28T09:32:25.353+05:00  INFO DESKTOP-P4QH9DC 15700 --- [main] o.h.b.i.BytecodeProviderInitiator        : HHH000021: Bytecode provider name : bytebuddy
2023-08-28T09:32:26.030+05:00  INFO DESKTOP-P4QH9DC 15700 --- [main] o.h.e.t.j.p.i.JtaPlatformInitiator       : HHH000490: Using JtaPlatform implementation: [org.hibernate.engine.transaction.jta.platform.internal.NoJtaPlatform]
2023-08-28T09:32:26.033+05:00  INFO DESKTOP-P4QH9DC 15700 --- [main] j.LocalContainerEntityManagerFactoryBean : Initialized JPA EntityManagerFactory for persistence unit 'default'
2023-08-28T09:32:26.453+05:00  INFO DESKTOP-P4QH9DC 15700 --- [main] o.s.d.j.r.query.QueryEnhancerFactory     : Hibernate is in classpath; If applicable, HQL parser will be used.
2023-08-28T09:32:27.020+05:00  WARN DESKTOP-P4QH9DC 15700 --- [main] JpaBaseConfiguration$JpaWebConfiguration : spring.jpa.open-in-view is enabled by default. Therefore, database queries may be performed during view rendering. Explicitly configure spring.jpa.open-in-view to disable this warning
2023-08-28T09:32:27.205+05:00  INFO DESKTOP-P4QH9DC 15700 --- [main] o.s.b.a.w.s.WelcomePageHandlerMapping    : Adding welcome page: class path resource [static/index.html]
2023-08-28T09:32:27.978+05:00  INFO DESKTOP-P4QH9DC 15700 --- [main] o.s.b.a.e.web.EndpointLinksResolver      : Exposing 15 endpoint(s) beneath base path '/actuator'
2023-08-28T09:32:28.000+05:00  INFO DESKTOP-P4QH9DC 15700 --- [main] o.s.s.web.DefaultSecurityFilterChain     : Will secure any request with [org.springframework.security.web.session.DisableEncodeUrlFilter@5655d64, org.springframework.security.web.context.request.async.WebAsyncManagerIntegrationFilter@22ff53d1, org.springframework.security.web.context.SecurityContextHolderFilter@26e74d50, org.springframework.security.web.header.HeaderWriterFilter@6b297a62, org.springframework.web.filter.CorsFilter@568945a9, org.springframework.security.web.csrf.CsrfFilter@6dc010a2, org.springframework.security.web.authentication.logout.LogoutFilter@36cc6055, org.springframework.security.web.authentication.UsernamePasswordAuthenticationFilter@1cf38112, org.springframework.security.web.authentication.ui.DefaultLoginPageGeneratingFilter@bec2d81, org.springframework.security.web.authentication.ui.DefaultLogoutPageGeneratingFilter@4127dcdb, org.springframework.security.web.authentication.www.BasicAuthenticationFilter@424632a, org.springframework.security.web.savedrequest.RequestCacheAwareFilter@1f299fc3, org.springframework.security.web.servletapi.SecurityContextHolderAwareRequestFilter@2c9573f1, org.springframework.security.web.authentication.AnonymousAuthenticationFilter@6e8627e6, org.springframework.security.web.access.ExceptionTranslationFilter@64001530, org.springframework.security.web.access.intercept.AuthorizationFilter@2cf7860e]
2023-08-28T09:32:28.273+05:00  INFO DESKTOP-P4QH9DC 15700 --- [main] o.s.b.w.embedded.tomcat.TomcatWebServer  : Tomcat started on port(s): 9080 (http) with context path ''
2023-08-28T09:32:28.302+05:00  INFO DESKTOP-P4QH9DC 15700 --- [main] com.redmath.news.Application             : Started Application in 10.223 seconds (process running for 10.866)
2023-08-28T09:32:35.535+05:00  INFO DESKTOP-P4QH9DC 15700 --- [http-nio-9080-exec-1] o.a.c.c.C.[Tomcat].[localhost].[/]       : Initializing Spring DispatcherServlet 'dispatcherServlet'
2023-08-28T09:32:35.536+05:00  INFO DESKTOP-P4QH9DC 15700 --- [http-nio-9080-exec-1] o.s.web.servlet.DispatcherServlet        : Initializing Servlet 'dispatcherServlet'
2023-08-28T09:32:35.538+05:00  INFO DESKTOP-P4QH9DC 15700 --- [http-nio-9080-exec-1] o.s.web.servlet.DispatcherServlet        : Completed initialization in 2 ms
2023-08-28T09:32:41.524+05:00 DEBUG DESKTOP-P4QH9DC 15700 --- [http-nio-9080-exec-5] org.hibernate.SQL                        : select u1_0.id,u1_0.login_at,u1_0.login_attempts,u1_0.password,u1_0.roles,u1_0.status,u1_0.user_name from users u1_0 where u1_0.user_name=?
2023-08-28T09:36:23.318+05:00  INFO DESKTOP-P4QH9DC 15700 --- [http-nio-9080-exec-9] o.springdoc.api.AbstractOpenApiResource  : Init duration for springdoc-openapi is: 283 ms
2023-08-28T09:38:18.032+05:00  INFO DESKTOP-P4QH9DC 15700 --- [SpringApplicationShutdownHook] j.LocalContainerEntityManagerFactoryBean : Closing JPA EntityManagerFactory for persistence unit 'default'
2023-08-28T09:38:18.038+05:00  INFO DESKTOP-P4QH9DC 15700 --- [SpringApplicationShutdownHook] com.zaxxer.hikari.HikariDataSource       : HikariPool-1 - Shutdown initiated...
2023-08-28T09:38:18.048+05:00  INFO DESKTOP-P4QH9DC 15700 --- [SpringApplicationShutdownHook] com.zaxxer.hikari.HikariDataSource       : HikariPool-1 - Shutdown completed.
